

Microchip MPLAB XC8 Assembler V2.10 build 88905656 
                                                                                               Wed Feb 24 22:58:21 2021

Microchip MPLAB XC8 C Compiler v2.10 (Free license) build 20190730164152 Og1 
     1                           	processor	16F887
     2                           	opt	pw 120
     3                           	opt	flic
     4                           	psect	cinit,global,class=CODE,merge=1,delta=2
     5                           	psect	bssCOMMON,global,class=COMMON,space=1,delta=1
     6                           	psect	cstackCOMMON,global,class=COMMON,space=1,delta=1
     7                           	psect	maintext,global,class=CODE,split=1,delta=2
     8                           	psect	text1,local,class=CODE,merge=1,delta=2
     9                           	psect	text2,local,class=CODE,merge=1,delta=2
    10                           	psect	text3,local,class=CODE,merge=1,delta=2
    11                           	psect	text4,local,class=CODE,merge=1,delta=2
    12                           	psect	intentry,global,class=CODE,delta=2
    13                           	psect	text5,local,class=CODE,merge=1,delta=2
    14                           	psect	text6,local,class=CODE,merge=1,delta=2
    15                           	dabs	1,0x7E,2
    16  0000                     
    17                           ; Version 2.10
    18                           ; Generated 31/07/2019 GMT
    19                           ; 
    20                           ; Copyright © 2019, Microchip Technology Inc. and its subsidiaries ("Microchip")
    21                           ; All rights reserved.
    22                           ; 
    23                           ; This software is developed by Microchip Technology Inc. and its subsidiaries ("Microch
      +                          ip").
    24                           ; 
    25                           ; Redistribution and use in source and binary forms, with or without modification, are
    26                           ; permitted provided that the following conditions are met:
    27                           ; 
    28                           ;     1. Redistributions of source code must retain the above copyright notice, this lis
      +                          t of
    29                           ;        conditions and the following disclaimer.
    30                           ; 
    31                           ;     2. Redistributions in binary form must reproduce the above copyright notice, this 
      +                          list
    32                           ;        of conditions and the following disclaimer in the documentation and/or other
    33                           ;        materials provided with the distribution.
    34                           ; 
    35                           ;     3. Microchip's name may not be used to endorse or promote products derived from th
      +                          is
    36                           ;        software without specific prior written permission.
    37                           ; 
    38                           ; THIS SOFTWARE IS PROVIDED BY MICROCHIP "AS IS" AND ANY EXPRESS OR IMPLIED WARRANTIES,
    39                           ; INCLUDING, BUT NOT LIMITED TO, THE IMPLIED WARRANTIES OF MERCHANTABILITY AND FITNESS F
      +                          OR
    40                           ; PURPOSE ARE DISCLAIMED.  IN NO EVENT SHALL MICROCHIP BE LIABLE FOR ANY DIRECT, INDIREC
      +                          T,
    41                           ; INCIDENTAL, SPECIAL, EXEMPLARY, OR CONSEQUENTIAL DAMAGES (INCLUDING BUT NOT LIMITED TO
    42                           ; PROCUREMENT OF SUBSTITUTE GOODS OR SERVICES; LOSS OF USE, DATA OR PROFITS; OR BUSINESS
    43                           ; INTERRUPTION) HOWSOEVER CAUSED AND ON ANY THEORY OF LIABILITY, WHETHER IN CONTRACT, ST
      +                          RICT
    44                           ; LIABILITY, OR TORT (INCLUDING NEGLIGENCE OR OTHERWISE) ARISING IN ANY WAY OUT OF THE U
      +                          SE OF
    45                           ; THIS SOFTWARE, EVEN IF ADVISED OF THE POSSIBILITY OF SUCH DAMAGE.
    46                           ; 
    47                           ; 
    48                           ; Code-generator required, PIC16F887 Definitions
    49                           ; 
    50                           ; SFR Addresses
    51  0000                     	;# 
    52  0001                     	;# 
    53  0002                     	;# 
    54  0003                     	;# 
    55  0004                     	;# 
    56  0005                     	;# 
    57  0006                     	;# 
    58  0007                     	;# 
    59  0008                     	;# 
    60  0009                     	;# 
    61  000A                     	;# 
    62  000B                     	;# 
    63  000C                     	;# 
    64  000D                     	;# 
    65  000E                     	;# 
    66  000E                     	;# 
    67  000F                     	;# 
    68  0010                     	;# 
    69  0011                     	;# 
    70  0012                     	;# 
    71  0013                     	;# 
    72  0014                     	;# 
    73  0015                     	;# 
    74  0015                     	;# 
    75  0016                     	;# 
    76  0017                     	;# 
    77  0018                     	;# 
    78  0019                     	;# 
    79  001A                     	;# 
    80  001B                     	;# 
    81  001B                     	;# 
    82  001C                     	;# 
    83  001D                     	;# 
    84  001E                     	;# 
    85  001F                     	;# 
    86  0081                     	;# 
    87  0085                     	;# 
    88  0086                     	;# 
    89  0087                     	;# 
    90  0088                     	;# 
    91  0089                     	;# 
    92  008C                     	;# 
    93  008D                     	;# 
    94  008E                     	;# 
    95  008F                     	;# 
    96  0090                     	;# 
    97  0091                     	;# 
    98  0092                     	;# 
    99  0093                     	;# 
   100  0093                     	;# 
   101  0093                     	;# 
   102  0094                     	;# 
   103  0095                     	;# 
   104  0096                     	;# 
   105  0097                     	;# 
   106  0098                     	;# 
   107  0099                     	;# 
   108  009A                     	;# 
   109  009B                     	;# 
   110  009C                     	;# 
   111  009D                     	;# 
   112  009E                     	;# 
   113  009F                     	;# 
   114  0105                     	;# 
   115  0107                     	;# 
   116  0108                     	;# 
   117  0109                     	;# 
   118  010C                     	;# 
   119  010C                     	;# 
   120  010D                     	;# 
   121  010E                     	;# 
   122  010F                     	;# 
   123  0185                     	;# 
   124  0187                     	;# 
   125  0188                     	;# 
   126  0189                     	;# 
   127  018C                     	;# 
   128  018D                     	;# 
   129  0000                     	;# 
   130  0001                     	;# 
   131  0002                     	;# 
   132  0003                     	;# 
   133  0004                     	;# 
   134  0005                     	;# 
   135  0006                     	;# 
   136  0007                     	;# 
   137  0008                     	;# 
   138  0009                     	;# 
   139  000A                     	;# 
   140  000B                     	;# 
   141  000C                     	;# 
   142  000D                     	;# 
   143  000E                     	;# 
   144  000E                     	;# 
   145  000F                     	;# 
   146  0010                     	;# 
   147  0011                     	;# 
   148  0012                     	;# 
   149  0013                     	;# 
   150  0014                     	;# 
   151  0015                     	;# 
   152  0015                     	;# 
   153  0016                     	;# 
   154  0017                     	;# 
   155  0018                     	;# 
   156  0019                     	;# 
   157  001A                     	;# 
   158  001B                     	;# 
   159  001B                     	;# 
   160  001C                     	;# 
   161  001D                     	;# 
   162  001E                     	;# 
   163  001F                     	;# 
   164  0081                     	;# 
   165  0085                     	;# 
   166  0086                     	;# 
   167  0087                     	;# 
   168  0088                     	;# 
   169  0089                     	;# 
   170  008C                     	;# 
   171  008D                     	;# 
   172  008E                     	;# 
   173  008F                     	;# 
   174  0090                     	;# 
   175  0091                     	;# 
   176  0092                     	;# 
   177  0093                     	;# 
   178  0093                     	;# 
   179  0093                     	;# 
   180  0094                     	;# 
   181  0095                     	;# 
   182  0096                     	;# 
   183  0097                     	;# 
   184  0098                     	;# 
   185  0099                     	;# 
   186  009A                     	;# 
   187  009B                     	;# 
   188  009C                     	;# 
   189  009D                     	;# 
   190  009E                     	;# 
   191  009F                     	;# 
   192  0105                     	;# 
   193  0107                     	;# 
   194  0108                     	;# 
   195  0109                     	;# 
   196  010C                     	;# 
   197  010C                     	;# 
   198  010D                     	;# 
   199  010E                     	;# 
   200  010F                     	;# 
   201  0185                     	;# 
   202  0187                     	;# 
   203  0188                     	;# 
   204  0189                     	;# 
   205  018C                     	;# 
   206  018D                     	;# 
   207  0000                     	;# 
   208  0001                     	;# 
   209  0002                     	;# 
   210  0003                     	;# 
   211  0004                     	;# 
   212  0005                     	;# 
   213  0006                     	;# 
   214  0007                     	;# 
   215  0008                     	;# 
   216  0009                     	;# 
   217  000A                     	;# 
   218  000B                     	;# 
   219  000C                     	;# 
   220  000D                     	;# 
   221  000E                     	;# 
   222  000E                     	;# 
   223  000F                     	;# 
   224  0010                     	;# 
   225  0011                     	;# 
   226  0012                     	;# 
   227  0013                     	;# 
   228  0014                     	;# 
   229  0015                     	;# 
   230  0015                     	;# 
   231  0016                     	;# 
   232  0017                     	;# 
   233  0018                     	;# 
   234  0019                     	;# 
   235  001A                     	;# 
   236  001B                     	;# 
   237  001B                     	;# 
   238  001C                     	;# 
   239  001D                     	;# 
   240  001E                     	;# 
   241  001F                     	;# 
   242  0081                     	;# 
   243  0085                     	;# 
   244  0086                     	;# 
   245  0087                     	;# 
   246  0088                     	;# 
   247  0089                     	;# 
   248  008C                     	;# 
   249  008D                     	;# 
   250  008E                     	;# 
   251  008F                     	;# 
   252  0090                     	;# 
   253  0091                     	;# 
   254  0092                     	;# 
   255  0093                     	;# 
   256  0093                     	;# 
   257  0093                     	;# 
   258  0094                     	;# 
   259  0095                     	;# 
   260  0096                     	;# 
   261  0097                     	;# 
   262  0098                     	;# 
   263  0099                     	;# 
   264  009A                     	;# 
   265  009B                     	;# 
   266  009C                     	;# 
   267  009D                     	;# 
   268  009E                     	;# 
   269  009F                     	;# 
   270  0105                     	;# 
   271  0107                     	;# 
   272  0108                     	;# 
   273  0109                     	;# 
   274  010C                     	;# 
   275  010C                     	;# 
   276  010D                     	;# 
   277  010E                     	;# 
   278  010F                     	;# 
   279  0185                     	;# 
   280  0187                     	;# 
   281  0188                     	;# 
   282  0189                     	;# 
   283  018C                     	;# 
   284  018D                     	;# 
   285  0000                     	;# 
   286  0001                     	;# 
   287  0002                     	;# 
   288  0003                     	;# 
   289  0004                     	;# 
   290  0005                     	;# 
   291  0006                     	;# 
   292  0007                     	;# 
   293  0008                     	;# 
   294  0009                     	;# 
   295  000A                     	;# 
   296  000B                     	;# 
   297  000C                     	;# 
   298  000D                     	;# 
   299  000E                     	;# 
   300  000E                     	;# 
   301  000F                     	;# 
   302  0010                     	;# 
   303  0011                     	;# 
   304  0012                     	;# 
   305  0013                     	;# 
   306  0014                     	;# 
   307  0015                     	;# 
   308  0015                     	;# 
   309  0016                     	;# 
   310  0017                     	;# 
   311  0018                     	;# 
   312  0019                     	;# 
   313  001A                     	;# 
   314  001B                     	;# 
   315  001B                     	;# 
   316  001C                     	;# 
   317  001D                     	;# 
   318  001E                     	;# 
   319  001F                     	;# 
   320  0081                     	;# 
   321  0085                     	;# 
   322  0086                     	;# 
   323  0087                     	;# 
   324  0088                     	;# 
   325  0089                     	;# 
   326  008C                     	;# 
   327  008D                     	;# 
   328  008E                     	;# 
   329  008F                     	;# 
   330  0090                     	;# 
   331  0091                     	;# 
   332  0092                     	;# 
   333  0093                     	;# 
   334  0093                     	;# 
   335  0093                     	;# 
   336  0094                     	;# 
   337  0095                     	;# 
   338  0096                     	;# 
   339  0097                     	;# 
   340  0098                     	;# 
   341  0099                     	;# 
   342  009A                     	;# 
   343  009B                     	;# 
   344  009C                     	;# 
   345  009D                     	;# 
   346  009E                     	;# 
   347  009F                     	;# 
   348  0105                     	;# 
   349  0107                     	;# 
   350  0108                     	;# 
   351  0109                     	;# 
   352  010C                     	;# 
   353  010C                     	;# 
   354  010D                     	;# 
   355  010E                     	;# 
   356  010F                     	;# 
   357  0185                     	;# 
   358  0187                     	;# 
   359  0188                     	;# 
   360  0189                     	;# 
   361  018C                     	;# 
   362  018D                     	;# 
   363  0013                     _SSPBUF	set	19
   364  0014                     _SSPCONbits	set	20
   365  001E                     _ADRESH	set	30
   366  000C                     _PIR1bits	set	12
   367  000B                     _INTCONbits	set	11
   368  0009                     _PORTE	set	9
   369  0007                     _PORTC	set	7
   370  0006                     _PORTB	set	6
   371  0005                     _PORTA	set	5
   372  0008                     _PORTD	set	8
   373  001F                     _ADCON0bits	set	31
   374  0063                     _SSPIF	set	99
   375  0085                     _TRISAbits	set	133
   376  0087                     _TRISCbits	set	135
   377  0094                     _SSPSTATbits	set	148
   378  009F                     _ADCON1bits	set	159
   379  008C                     _PIE1bits	set	140
   380  0089                     _TRISE	set	137
   381  0087                     _TRISC	set	135
   382  0088                     _TRISD	set	136
   383  0086                     _TRISB	set	134
   384  0085                     _TRISA	set	133
   385  0189                     _ANSELH	set	393
   386  0188                     _ANSEL	set	392
   387                           
   388                           ; #config settings
   389  0000                     
   390                           	psect	cinit
   391  000F                     start_initialization:	
   392  000F                     __initialization:	
   393                           
   394                           ; Clear objects allocated to COMMON
   395  000F  01F4               	clrf	__pbssCOMMON& (0+127)
   396  0010                     end_of_initialization:	
   397                           ;End of C runtime variable initialization code
   398                           
   399  0010                     __end_of__initialization:	
   400  0010  0183               	clrf	3
   401  0011  120A  118A  285A   	ljmp	_main	;jump to C main() function
   402                           
   403                           	psect	bssCOMMON
   404  0074                     __pbssCOMMON:	
   405  0074                     _ADC1SL1:	
   406  0074                     	ds	1
   407                           
   408                           	psect	cstackCOMMON
   409  0070                     __pcstackCOMMON:	
   410  0070                     ?_setup:	
   411  0070                     ?_SPISlave:	
   412                           ; 1 bytes @ 0x0
   413                           
   414  0070                     ?_ADCInicio:	
   415                           ; 1 bytes @ 0x0
   416                           
   417  0070                     ?_spiRead:	
   418                           ; 1 bytes @ 0x0
   419                           
   420  0070                     ??_spiRead:	
   421                           ; 1 bytes @ 0x0
   422                           
   423  0070                     ?_spiWrite:	
   424                           ; 1 bytes @ 0x0
   425                           
   426  0070                     ??_spiWrite:	
   427                           ; 1 bytes @ 0x0
   428                           
   429  0070                     ?_main:	
   430                           ; 1 bytes @ 0x0
   431                           
   432  0070                     ?_ISR:	
   433                           ; 1 bytes @ 0x0
   434                           
   435  0070                     spiWrite@data:	
   436                           ; 1 bytes @ 0x0
   437                           
   438                           
   439                           ; 1 bytes @ 0x0
   440  0070                     	ds	1
   441  0071                     ??_ISR:	
   442                           
   443                           ; 1 bytes @ 0x1
   444  0071                     	ds	3
   445  0074                     ??_setup:	
   446  0074                     ??_SPISlave:	
   447                           ; 1 bytes @ 0x4
   448                           
   449  0074                     ??_ADCInicio:	
   450                           ; 1 bytes @ 0x4
   451                           
   452  0074                     ??_main:	
   453                           ; 1 bytes @ 0x4
   454                           
   455                           
   456                           	psect	maintext
   457  005A                     __pmaintext:	
   458                           ; 1 bytes @ 0x4
   459 ;;
   460 ;;Main: autosize = 0, tempsize = 0, incstack = 0, save=0
   461 ;;
   462 ;; *************** function _main *****************
   463 ;; Defined at:
   464 ;;		line 60 in file "m_slave1.c"
   465 ;; Parameters:    Size  Location     Type
   466 ;;		None
   467 ;; Auto vars:     Size  Location     Type
   468 ;;		None
   469 ;; Return value:  Size  Location     Type
   470 ;;                  1    wreg      void 
   471 ;; Registers used:
   472 ;;		wreg, status,2, status,0, pclath, cstack
   473 ;; Tracked objects:
   474 ;;		On entry : B00/0
   475 ;;		On exit  : 0/0
   476 ;;		Unchanged: 0/0
   477 ;; Data sizes:     COMMON   BANK0   BANK1   BANK3   BANK2
   478 ;;      Params:         0       0       0       0       0
   479 ;;      Locals:         0       0       0       0       0
   480 ;;      Temps:          0       0       0       0       0
   481 ;;      Totals:         0       0       0       0       0
   482 ;;Total ram usage:        0 bytes
   483 ;; Hardware stack levels required when called:    3
   484 ;; This function calls:
   485 ;;		_ADCInicio
   486 ;;		_SPISlave
   487 ;;		_setup
   488 ;; This function is called by:
   489 ;;		Startup code after reset
   490 ;; This function uses a non-reentrant model
   491 ;;
   492                           
   493                           
   494                           ;psect for function _main
   495  005A                     _main:	
   496  005A                     l773:	
   497                           ;incstack = 0
   498                           ; Regs used in _main: [wreg+status,2+status,0+pclath+cstack]
   499                           
   500                           
   501                           ;m_slave1.c: 61:     }
   502  005A  120A  118A  203C  120A  118A  	fcall	_setup
   503                           
   504                           ;m_slave1.c: 62:     if (SSPIF == 1) {
   505  005F  120A  118A  2077  120A  118A  	fcall	_SPISlave
   506  0064                     l53:	
   507                           ;m_slave1.c: 66:         return;
   508                           
   509                           
   510                           ;m_slave1.c: 67:     }
   511  0064  120A  118A  2090  120A  118A  	fcall	_ADCInicio
   512  0069                     l775:	
   513                           
   514                           ;m_slave1.c: 68: 
   515  0069  1283               	bcf	3,5	;RP0=0, select bank0
   516  006A  1303               	bcf	3,6	;RP1=0, select bank0
   517  006B  141F               	bsf	31,0	;volatile
   518  006C                     l777:	
   519                           
   520                           ;m_slave1.c: 69: 
   521  006C  149F               	bsf	31,1	;volatile
   522  006D                     l54:	
   523                           ;m_slave1.c: 70: }
   524                           
   525  006D  189F               	btfsc	31,1	;volatile
   526  006E  2870               	goto	u21
   527  006F  2871               	goto	u20
   528  0070                     u21:	
   529  0070  286D               	goto	l54
   530  0071                     u20:	
   531  0071                     l779:	
   532  0071  0874               	movf	_ADC1SL1,w
   533  0072  0088               	movwf	8	;volatile
   534  0073  2864               	goto	l53
   535  0074  120A  118A  280C   	ljmp	start
   536  0077                     __end_of_main:	
   537                           
   538                           	psect	text1
   539  003C                     __ptext1:	
   540 ;; *************** function _setup *****************
   541 ;; Defined at:
   542 ;;		line 79 in file "m_slave1.c"
   543 ;; Parameters:    Size  Location     Type
   544 ;;		None
   545 ;; Auto vars:     Size  Location     Type
   546 ;;		None
   547 ;; Return value:  Size  Location     Type
   548 ;;                  1    wreg      void 
   549 ;; Registers used:
   550 ;;		wreg, status,2
   551 ;; Tracked objects:
   552 ;;		On entry : 0/0
   553 ;;		On exit  : 0/0
   554 ;;		Unchanged: 0/0
   555 ;; Data sizes:     COMMON   BANK0   BANK1   BANK3   BANK2
   556 ;;      Params:         0       0       0       0       0
   557 ;;      Locals:         0       0       0       0       0
   558 ;;      Temps:          0       0       0       0       0
   559 ;;      Totals:         0       0       0       0       0
   560 ;;Total ram usage:        0 bytes
   561 ;; Hardware stack levels used:    1
   562 ;; Hardware stack levels required when called:    2
   563 ;; This function calls:
   564 ;;		Nothing
   565 ;; This function is called by:
   566 ;;		_main
   567 ;; This function uses a non-reentrant model
   568 ;;
   569                           
   570                           
   571                           ;psect for function _setup
   572  003C                     _setup:	
   573  003C                     l705:	
   574                           ;incstack = 0
   575                           ; Regs used in _setup: [wreg+status,2]
   576                           
   577  003C  3001               	movlw	1
   578  003D  1683               	bsf	3,5	;RP0=1, select bank3
   579  003E  1703               	bsf	3,6	;RP1=1, select bank3
   580  003F  0088               	movwf	8	;volatile
   581  0040                     l707:	
   582  0040  0189               	clrf	9	;volatile
   583  0041                     l709:	
   584  0041  3021               	movlw	33
   585  0042  1683               	bsf	3,5	;RP0=1, select bank1
   586  0043  1303               	bcf	3,6	;RP1=0, select bank1
   587  0044  0085               	movwf	5	;volatile
   588  0045  0186               	clrf	6	;volatile
   589  0046  0188               	clrf	8	;volatile
   590  0047                     l711:	
   591  0047  3018               	movlw	24
   592  0048  0087               	movwf	7	;volatile
   593  0049                     l713:	
   594  0049  0189               	clrf	9	;volatile
   595  004A                     l715:	
   596  004A  1283               	bcf	3,5	;RP0=0, select bank0
   597  004B  1303               	bcf	3,6	;RP1=0, select bank0
   598  004C  0185               	clrf	5	;volatile
   599  004D                     l717:	
   600  004D  0186               	clrf	6	;volatile
   601  004E                     l719:	
   602  004E  0187               	clrf	7	;volatile
   603  004F                     l721:	
   604  004F  0188               	clrf	8	;volatile
   605  0050                     l723:	
   606  0050  0189               	clrf	9	;volatile
   607  0051                     l725:	
   608  0051  1683               	bsf	3,5	;RP0=1, select bank1
   609  0052  1303               	bcf	3,6	;RP1=0, select bank1
   610  0053  158C               	bsf	12,3	;volatile
   611  0054                     l727:	
   612  0054  170B               	bsf	11,6	;volatile
   613  0055                     l729:	
   614  0055  178B               	bsf	11,7	;volatile
   615  0056                     l731:	
   616  0056  1283               	bcf	3,5	;RP0=0, select bank0
   617  0057  1303               	bcf	3,6	;RP1=0, select bank0
   618  0058  118C               	bcf	12,3	;volatile
   619  0059                     l62:	
   620  0059  0008               	return
   621  005A                     __end_of_setup:	
   622                           
   623                           	psect	text2
   624  0077                     __ptext2:	
   625 ;; *************** function _SPISlave *****************
   626 ;; Defined at:
   627 ;;		line 36 in file "SPI.c"
   628 ;; Parameters:    Size  Location     Type
   629 ;;		None
   630 ;; Auto vars:     Size  Location     Type
   631 ;;		None
   632 ;; Return value:  Size  Location     Type
   633 ;;                  1    wreg      void 
   634 ;; Registers used:
   635 ;;		wreg, status,2, status,0
   636 ;; Tracked objects:
   637 ;;		On entry : 0/0
   638 ;;		On exit  : 0/0
   639 ;;		Unchanged: 0/0
   640 ;; Data sizes:     COMMON   BANK0   BANK1   BANK3   BANK2
   641 ;;      Params:         0       0       0       0       0
   642 ;;      Locals:         0       0       0       0       0
   643 ;;      Temps:          0       0       0       0       0
   644 ;;      Totals:         0       0       0       0       0
   645 ;;Total ram usage:        0 bytes
   646 ;; Hardware stack levels used:    1
   647 ;; Hardware stack levels required when called:    2
   648 ;; This function calls:
   649 ;;		Nothing
   650 ;; This function is called by:
   651 ;;		_main
   652 ;; This function uses a non-reentrant model
   653 ;;
   654                           
   655                           
   656                           ;psect for function _SPISlave
   657  0077                     _SPISlave:	
   658  0077                     l733:	
   659                           ;incstack = 0
   660                           ; Regs used in _SPISlave: [wreg+status,2+status,0]
   661                           
   662                           
   663                           ;SPI.c: 38:      SSPSTATbits.SMP = 0;
   664  0077  1683               	bsf	3,5	;RP0=1, select bank1
   665  0078  1303               	bcf	3,6	;RP1=0, select bank1
   666  0079  1394               	bcf	20,7	;volatile
   667                           
   668                           ;SPI.c: 39:      SSPSTATbits.CKE = 0;
   669  007A  1314               	bcf	20,6	;volatile
   670                           
   671                           ;SPI.c: 40:      SSPCONbits.SSPEN = 1;
   672  007B  1283               	bcf	3,5	;RP0=0, select bank0
   673  007C  1303               	bcf	3,6	;RP1=0, select bank0
   674  007D  1694               	bsf	20,5	;volatile
   675                           
   676                           ;SPI.c: 41:      SSPCONbits.CKP = 1;
   677  007E  1614               	bsf	20,4	;volatile
   678  007F                     l735:	
   679                           
   680                           ;SPI.c: 42:      SSPCONbits.SSPM = 0b0100;
   681  007F  0814               	movf	20,w	;volatile
   682  0080  39F0               	andlw	-16
   683  0081  3804               	iorlw	4
   684  0082  0094               	movwf	20	;volatile
   685  0083                     l737:	
   686                           
   687                           ;SPI.c: 44:      TRISCbits.TRISC5 = 0;
   688  0083  1683               	bsf	3,5	;RP0=1, select bank1
   689  0084  1303               	bcf	3,6	;RP1=0, select bank1
   690  0085  1287               	bcf	7,5	;volatile
   691  0086                     l739:	
   692                           
   693                           ;SPI.c: 45:      TRISCbits.TRISC4 = 0;
   694  0086  1207               	bcf	7,4	;volatile
   695  0087                     l741:	
   696                           
   697                           ;SPI.c: 46:      TRISCbits.TRISC3 = 1;
   698  0087  1587               	bsf	7,3	;volatile
   699  0088                     l743:	
   700                           
   701                           ;SPI.c: 47:      TRISAbits.TRISA5 = 1;
   702  0088  1685               	bsf	5,5	;volatile
   703  0089                     l745:	
   704                           
   705                           ;SPI.c: 49:      PIE1bits.SSPIE = 1;
   706  0089  158C               	bsf	12,3	;volatile
   707  008A                     l747:	
   708                           
   709                           ;SPI.c: 50:      INTCONbits.PEIE = 1;
   710  008A  170B               	bsf	11,6	;volatile
   711  008B                     l749:	
   712                           
   713                           ;SPI.c: 51:      INTCONbits.GIE = 1;
   714  008B  178B               	bsf	11,7	;volatile
   715  008C                     l751:	
   716                           
   717                           ;SPI.c: 52:      PIR1bits.SSPIF = 0;
   718  008C  1283               	bcf	3,5	;RP0=0, select bank0
   719  008D  1303               	bcf	3,6	;RP1=0, select bank0
   720  008E  118C               	bcf	12,3	;volatile
   721  008F                     l104:	
   722  008F  0008               	return
   723  0090                     __end_of_SPISlave:	
   724                           
   725                           	psect	text3
   726  0090                     __ptext3:	
   727 ;; *************** function _ADCInicio *****************
   728 ;; Defined at:
   729 ;;		line 21 in file "adc.c"
   730 ;; Parameters:    Size  Location     Type
   731 ;;		None
   732 ;; Auto vars:     Size  Location     Type
   733 ;;		None
   734 ;; Return value:  Size  Location     Type
   735 ;;                  1    wreg      void 
   736 ;; Registers used:
   737 ;;		wreg, status,2, status,0
   738 ;; Tracked objects:
   739 ;;		On entry : 0/0
   740 ;;		On exit  : 0/0
   741 ;;		Unchanged: 0/0
   742 ;; Data sizes:     COMMON   BANK0   BANK1   BANK3   BANK2
   743 ;;      Params:         0       0       0       0       0
   744 ;;      Locals:         0       0       0       0       0
   745 ;;      Temps:          0       0       0       0       0
   746 ;;      Totals:         0       0       0       0       0
   747 ;;Total ram usage:        0 bytes
   748 ;; Hardware stack levels used:    1
   749 ;; Hardware stack levels required when called:    2
   750 ;; This function calls:
   751 ;;		Nothing
   752 ;; This function is called by:
   753 ;;		_main
   754 ;; This function uses a non-reentrant model
   755 ;;
   756                           
   757                           
   758                           ;psect for function _ADCInicio
   759  0090                     _ADCInicio:	
   760  0090                     l753:	
   761                           ;incstack = 0
   762                           ; Regs used in _ADCInicio: [wreg+status,2+status,0]
   763                           
   764                           
   765                           ;adc.c: 22:     INTCONbits.GIE = 1;
   766  0090  178B               	bsf	11,7	;volatile
   767                           
   768                           ;adc.c: 23:     INTCONbits.PEIE = 1;
   769  0091  170B               	bsf	11,6	;volatile
   770                           
   771                           ;adc.c: 24:     PIE1bits.ADIE = 1;
   772  0092  1683               	bsf	3,5	;RP0=1, select bank1
   773  0093  1303               	bcf	3,6	;RP1=0, select bank1
   774  0094  170C               	bsf	12,6	;volatile
   775                           
   776                           ;adc.c: 25:     PIR1bits.ADIF = 0;
   777  0095  1283               	bcf	3,5	;RP0=0, select bank0
   778  0096  1303               	bcf	3,6	;RP1=0, select bank0
   779  0097  130C               	bcf	12,6	;volatile
   780  0098                     l755:	
   781                           
   782                           ;adc.c: 26:     ADCON0bits.ADCS = 01;
   783  0098  081F               	movf	31,w	;volatile
   784  0099  393F               	andlw	-193
   785  009A  3840               	iorlw	64
   786  009B  009F               	movwf	31	;volatile
   787                           
   788                           ;adc.c: 27:     ADCON0bits.CHS = 0000;
   789  009C  30C3               	movlw	-61
   790  009D  059F               	andwf	31,f	;volatile
   791  009E                     l757:	
   792                           
   793                           ;adc.c: 28:     ADCON0bits.ADON = 1;
   794  009E  141F               	bsf	31,0	;volatile
   795  009F                     l759:	
   796                           
   797                           ;adc.c: 29:     ADCON1bits.ADFM = 0;
   798  009F  1683               	bsf	3,5	;RP0=1, select bank1
   799  00A0  1303               	bcf	3,6	;RP1=0, select bank1
   800  00A1  139F               	bcf	31,7	;volatile
   801  00A2                     l761:	
   802                           
   803                           ;adc.c: 30:     ADCON1bits.VCFG1 = 0;
   804  00A2  129F               	bcf	31,5	;volatile
   805  00A3                     l763:	
   806                           
   807                           ;adc.c: 31:     ADCON1bits.VCFG0 = 0;
   808  00A3  121F               	bcf	31,4	;volatile
   809  00A4                     l82:	
   810  00A4  0008               	return
   811  00A5                     __end_of_ADCInicio:	
   812                           
   813                           	psect	text4
   814  0014                     __ptext4:	
   815 ;; *************** function _ISR *****************
   816 ;; Defined at:
   817 ;;		line 102 in file "m_slave1.c"
   818 ;; Parameters:    Size  Location     Type
   819 ;;		None
   820 ;; Auto vars:     Size  Location     Type
   821 ;;		None
   822 ;; Return value:  Size  Location     Type
   823 ;;                  1    wreg      void 
   824 ;; Registers used:
   825 ;;		wreg, status,2, status,0, pclath, cstack
   826 ;; Tracked objects:
   827 ;;		On entry : 0/0
   828 ;;		On exit  : 0/0
   829 ;;		Unchanged: 0/0
   830 ;; Data sizes:     COMMON   BANK0   BANK1   BANK3   BANK2
   831 ;;      Params:         0       0       0       0       0
   832 ;;      Locals:         0       0       0       0       0
   833 ;;      Temps:          3       0       0       0       0
   834 ;;      Totals:         3       0       0       0       0
   835 ;;Total ram usage:        3 bytes
   836 ;; Hardware stack levels used:    1
   837 ;; Hardware stack levels required when called:    1
   838 ;; This function calls:
   839 ;;		_spiRead
   840 ;;		_spiWrite
   841 ;; This function is called by:
   842 ;;		Interrupt level 1
   843 ;; This function uses a non-reentrant model
   844 ;;
   845                           
   846                           
   847                           ;psect for function _ISR
   848  0014                     _ISR:	
   849  0014                     i1l781:	
   850  0014  1283               	bcf	3,5	;RP0=0, select bank0
   851  0015  1303               	bcf	3,6	;RP1=0, select bank0
   852  0016  1F0C               	btfss	12,6	;volatile
   853  0017  2819               	goto	u3_21
   854  0018  281A               	goto	u3_20
   855  0019                     u3_21:	
   856  0019  2820               	goto	i1l67
   857  001A                     u3_20:	
   858  001A                     i1l783:	
   859  001A  081E               	movf	30,w	;volatile
   860  001B  00F1               	movwf	??_ISR
   861  001C  0871               	movf	??_ISR,w
   862  001D  00F4               	movwf	_ADC1SL1
   863  001E                     i1l785:	
   864  001E  130C               	bcf	12,6	;volatile
   865  001F  2835               	goto	i1l68
   866  0020                     i1l67:	
   867  0020  1D8C               	btfss	12,3	;volatile
   868  0021  2823               	goto	u4_21
   869  0022  2824               	goto	u4_20
   870  0023                     u4_21:	
   871  0023  2835               	goto	i1l68
   872  0024                     u4_20:	
   873  0024                     i1l789:	
   874  0024  120A  118A  20A5  120A  118A  	fcall	_spiRead
   875  0029  1283               	bcf	3,5	;RP0=0, select bank0
   876  002A  1303               	bcf	3,6	;RP1=0, select bank0
   877  002B  0088               	movwf	8	;volatile
   878  002C                     i1l791:	
   879  002C  0874               	movf	_ADC1SL1,w
   880  002D  120A  118A  20AF  120A  118A  	fcall	_spiWrite
   881  0032                     i1l793:	
   882  0032  1283               	bcf	3,5	;RP0=0, select bank0
   883  0033  1303               	bcf	3,6	;RP1=0, select bank0
   884  0034  118C               	bcf	12,3	;volatile
   885  0035                     i1l68:	
   886  0035  0873               	movf	??_ISR+2,w
   887  0036  008A               	movwf	10
   888  0037  0E72               	swapf	(??_ISR+1)^(0+4294967168),w
   889  0038  0083               	movwf	3
   890  0039  0EFE               	swapf	btemp,f
   891  003A  0E7E               	swapf	btemp,w
   892  003B  0009               	retfie
   893  003C                     __end_of_ISR:	
   894                           
   895                           	psect	intentry
   896  0004                     __pintentry:	
   897                           ;incstack = 0
   898                           ; Regs used in _ISR: [wreg+status,2+status,0+pclath+cstack]
   899                           
   900  0004                     interrupt_function:	
   901  007E                     saved_w	set	btemp
   902  0004  00FE               	movwf	btemp
   903  0005  0E03               	swapf	3,w
   904  0006  00F2               	movwf	??_ISR+1
   905  0007  080A               	movf	10,w
   906  0008  00F3               	movwf	??_ISR+2
   907  0009  120A  118A  2814   	ljmp	_ISR
   908                           
   909                           	psect	text5
   910  00AF                     __ptext5:	
   911 ;; *************** function _spiWrite *****************
   912 ;; Defined at:
   913 ;;		line 60 in file "SPI.c"
   914 ;; Parameters:    Size  Location     Type
   915 ;;  data            1    wreg     unsigned char 
   916 ;; Auto vars:     Size  Location     Type
   917 ;;  data            1    0[COMMON] unsigned char 
   918 ;; Return value:  Size  Location     Type
   919 ;;                  1    wreg      void 
   920 ;; Registers used:
   921 ;;		wreg
   922 ;; Tracked objects:
   923 ;;		On entry : 0/0
   924 ;;		On exit  : 0/0
   925 ;;		Unchanged: 0/0
   926 ;; Data sizes:     COMMON   BANK0   BANK1   BANK3   BANK2
   927 ;;      Params:         0       0       0       0       0
   928 ;;      Locals:         1       0       0       0       0
   929 ;;      Temps:          0       0       0       0       0
   930 ;;      Totals:         1       0       0       0       0
   931 ;;Total ram usage:        1 bytes
   932 ;; Hardware stack levels used:    1
   933 ;; This function calls:
   934 ;;		Nothing
   935 ;; This function is called by:
   936 ;;		_ISR
   937 ;; This function uses a non-reentrant model
   938 ;;
   939                           
   940                           
   941                           ;psect for function _spiWrite
   942  00AF                     _spiWrite:	
   943                           
   944                           ;incstack = 0
   945                           ; Regs used in _spiWrite: [wreg]
   946                           ;spiWrite@data stored from wreg
   947  00AF  00F0               	movwf	spiWrite@data
   948  00B0                     i1l771:	
   949                           
   950                           ;SPI.c: 61:     SSPBUF = data;
   951  00B0  0870               	movf	spiWrite@data,w
   952  00B1  1283               	bcf	3,5	;RP0=0, select bank0
   953  00B2  1303               	bcf	3,6	;RP1=0, select bank0
   954  00B3  0093               	movwf	19	;volatile
   955  00B4                     i1l113:	
   956  00B4  0008               	return
   957  00B5                     __end_of_spiWrite:	
   958                           
   959                           	psect	text6
   960  00A5                     __ptext6:	
   961 ;; *************** function _spiRead *****************
   962 ;; Defined at:
   963 ;;		line 55 in file "SPI.c"
   964 ;; Parameters:    Size  Location     Type
   965 ;;		None
   966 ;; Auto vars:     Size  Location     Type
   967 ;;		None
   968 ;; Return value:  Size  Location     Type
   969 ;;                  1    wreg      unsigned char 
   970 ;; Registers used:
   971 ;;		wreg
   972 ;; Tracked objects:
   973 ;;		On entry : 0/0
   974 ;;		On exit  : 0/0
   975 ;;		Unchanged: 0/0
   976 ;; Data sizes:     COMMON   BANK0   BANK1   BANK3   BANK2
   977 ;;      Params:         0       0       0       0       0
   978 ;;      Locals:         0       0       0       0       0
   979 ;;      Temps:          0       0       0       0       0
   980 ;;      Totals:         0       0       0       0       0
   981 ;;Total ram usage:        0 bytes
   982 ;; Hardware stack levels used:    1
   983 ;; This function calls:
   984 ;;		Nothing
   985 ;; This function is called by:
   986 ;;		_ISR
   987 ;; This function uses a non-reentrant model
   988 ;;
   989                           
   990                           
   991                           ;psect for function _spiRead
   992  00A5                     _spiRead:	
   993  00A5                     i1l765:	
   994                           ;incstack = 0
   995                           ; Regs used in _spiRead: [wreg]
   996                           
   997  00A5                     i1l107:	
   998                           ;SPI.c: 56:     while (!SSPSTATbits.BF);
   999                           
  1000  00A5  1683               	bsf	3,5	;RP0=1, select bank1
  1001  00A6  1303               	bcf	3,6	;RP1=0, select bank1
  1002  00A7  1C14               	btfss	20,0	;volatile
  1003  00A8  28AA               	goto	u1_21
  1004  00A9  28AB               	goto	u1_20
  1005  00AA                     u1_21:	
  1006  00AA  28A5               	goto	i1l107
  1007  00AB                     u1_20:	
  1008  00AB                     i1l767:	
  1009                           
  1010                           ;SPI.c: 57:     return (SSPBUF);
  1011  00AB  1283               	bcf	3,5	;RP0=0, select bank0
  1012  00AC  1303               	bcf	3,6	;RP1=0, select bank0
  1013  00AD  0813               	movf	19,w	;volatile
  1014  00AE                     i1l110:	
  1015  00AE  0008               	return
  1016  00AF                     __end_of_spiRead:	
  1017  007E                     btemp	set	126	;btemp
  1018  007E                     wtemp0	set	126


Data Sizes:
    Strings     0
    Constant    0
    Data        0
    BSS         1
    Persistent  0
    Stack       0

Auto Spaces:
    Space          Size  Autos    Used
    COMMON           14      4       5
    BANK0            80      0       0
    BANK1            80      0       0
    BANK3            96      0       0
    BANK2            96      0       0

Pointer List with Targets:

    None.

Critical Paths under _main in COMMON

    None.

Critical Paths under _ISR in COMMON

    _ISR->_spiWrite

Critical Paths under _main in BANK0

    None.

Critical Paths under _ISR in BANK0

    None.

Critical Paths under _main in BANK1

    None.

Critical Paths under _ISR in BANK1

    None.

Critical Paths under _main in BANK3

    None.

Critical Paths under _ISR in BANK3

    None.

Critical Paths under _main in BANK2

    None.

Critical Paths under _ISR in BANK2

    None.

Call Graph Tables:

 ---------------------------------------------------------------------------------
 (Depth) Function   	        Calls       Base Space   Used Autos Params    Refs
 ---------------------------------------------------------------------------------
 (0) _main                                                 0     0      0       0
                          _ADCInicio
                           _SPISlave
                              _setup
 ---------------------------------------------------------------------------------
 (1) _setup                                                0     0      0       0
 ---------------------------------------------------------------------------------
 (1) _SPISlave                                             0     0      0       0
 ---------------------------------------------------------------------------------
 (1) _ADCInicio                                            0     0      0       0
 ---------------------------------------------------------------------------------
 Estimated maximum stack depth 1
 ---------------------------------------------------------------------------------
 (Depth) Function   	        Calls       Base Space   Used Autos Params    Refs
 ---------------------------------------------------------------------------------
 (2) _ISR                                                  3     3      0      15
                                              1 COMMON     3     3      0
                            _spiRead
                           _spiWrite
 ---------------------------------------------------------------------------------
 (3) _spiWrite                                             1     1      0      15
                                              0 COMMON     1     1      0
 ---------------------------------------------------------------------------------
 (3) _spiRead                                              0     0      0       0
 ---------------------------------------------------------------------------------
 Estimated maximum stack depth 3
 ---------------------------------------------------------------------------------

 Call Graph Graphs:

 _main (ROOT)
   _ADCInicio
   _SPISlave
   _setup

 _ISR (ROOT)
   _spiRead
   _spiWrite

 Address spaces:
Name               Size   Autos  Total    Cost      Usage
BITCOMMON            E      0       0       0        0.0%
EEDATA             100      0       0       0        0.0%
NULL                 0      0       0       0        0.0%
CODE                 0      0       0       0        0.0%
COMMON               E      4       5       1       35.7%
BITSFR0              0      0       0       1        0.0%
SFR0                 0      0       0       1        0.0%
BITSFR1              0      0       0       2        0.0%
SFR1                 0      0       0       2        0.0%
STACK                0      0       0       2        0.0%
ABS                  0      0       5       3        0.0%
BITBANK0            50      0       0       4        0.0%
BITSFR3              0      0       0       4        0.0%
SFR3                 0      0       0       4        0.0%
BANK0               50      0       0       5        0.0%
BITSFR2              0      0       0       5        0.0%
SFR2                 0      0       0       5        0.0%
BITBANK1            50      0       0       6        0.0%
BANK1               50      0       0       7        0.0%
BITBANK3            60      0       0       8        0.0%
BANK3               60      0       0       9        0.0%
BITBANK2            60      0       0      10        0.0%
BANK2               60      0       0      11        0.0%
DATA                 0      0       5      12        0.0%


Microchip Technology PIC Macro Assembler V2.10 build 88905656 
Symbol Table                                                                                   Wed Feb 24 22:58:21 2021

      __size_of_ADCInicio 0015               __CFG_CP$OFF 0000               _SSPSTATbits 0094  
                      l53 0064                        l62 0059                        l54 006D  
                      l82 00A4                        u20 0071                        u21 0070  
            spiWrite@data 0070                       l104 008F                       l711 0047  
                     l721 004F                       l713 0049                       l705 003C  
                     l731 0056                       l723 0050                       l715 004A  
                     l707 0040                       l741 0087                       l733 0077  
                     l725 0051                       l717 004D                       l709 0041  
                     l751 008C                       l743 0088                       l735 007F  
                     l727 0054                       l719 004E                       l761 00A2  
                     l753 0090                       l745 0089                       l737 0083  
                     l729 0055                       l763 00A3                       l755 0098  
                     l747 008A                       l739 0086                       l757 009E  
                     l749 008B                       l773 005A                       l759 009F  
                     l775 0069                       l777 006C                       l779 0071  
            __CFG_CPD$OFF 0000                       _ISR 0014              __CFG_LVP$OFF 0000  
                    ?_ISR 0070                      i1l67 0020                      i1l68 0035  
                    u1_20 00AB                      u1_21 00AA                      u3_20 001A  
                    u3_21 0019                      u4_20 0024                      u4_21 0023  
            __CFG_WRT$OFF 0000                      _main 005A                      btemp 007E  
                    start 000C             __CFG_IESO$OFF 0000                     ??_ISR 0071  
                   ?_main 0070             __CFG_WDTE$OFF 0000                     _ANSEL 0188  
                   i1l110 00AE                     i1l113 00B4                     i1l107 00A5  
                   i1l771 00B0                     i1l765 00A5                     i1l781 0014  
                   i1l767 00AB                     i1l791 002C                     i1l783 001A  
                   i1l793 0032                     i1l785 001E                     i1l789 0024  
                   _PORTA 0005                     _PORTB 0006                     _PORTC 0007  
                   _PORTD 0008                     _PORTE 0009                     _TRISA 0085  
                   _TRISB 0086                     _TRISC 0087                     _TRISD 0088  
                   _TRISE 0089                     _SSPIF 0063            __CFG_FCMEN$OFF 0000  
                   _setup 003C         __end_of_ADCInicio 00A5          __end_of_SPISlave 0090  
          __CFG_BOREN$OFF 0000                     pclath 000A           __end_of_spiRead 00AF  
                   status 0003                     wtemp0 007E            __CFG_MCLRE$OFF 0000  
         __initialization 000F              __end_of_main 0077                    ??_main 0074  
                  _ADRESH 001E                    ?_setup 0070                    _ANSELH 0189  
                  _SSPBUF 0013            __CFG_PWRTE$OFF 0000                    saved_w 007E  
        __end_of_spiWrite 00B5                 ??_spiRead 0070   __end_of__initialization 0010  
          __pcstackCOMMON 0070             __end_of_setup 005A                 ?_SPISlave 0070  
                 ??_setup 0074                __pmaintext 005A                   _ADC1SL1 0074  
              __pintentry 0004                ??_SPISlave 0074                 _ADCInicio 0090  
               ?_spiWrite 0070                   __ptext1 003C                   __ptext2 0077  
                 __ptext3 0090                   __ptext4 0014                   __ptext5 00AF  
                 __ptext6 00A5              __size_of_ISR 0028                   _spiRead 00A5  
    end_of_initialization 0010                ?_ADCInicio 0070                ??_spiWrite 0070  
               _TRISAbits 0085                 _TRISCbits 0087         __size_of_SPISlave 0019  
     start_initialization 000F               __end_of_ISR 003C               ??_ADCInicio 0074  
__CFG_FOSC$INTRC_NOCLKOUT 0000               __pbssCOMMON 0074                 ___latbits 0002  
       __size_of_spiWrite 0006                  ?_spiRead 0070            __size_of_setup 001E  
       interrupt_function 0004                  _PIE1bits 008C                  _PIR1bits 000C  
                _SPISlave 0077                _ADCON0bits 001F                _ADCON1bits 009F  
        __size_of_spiRead 000A         __CFG_BOR4V$BOR40V 0000             __size_of_main 001D  
                _spiWrite 00AF                _INTCONbits 000B                  intlevel1 0000  
              _SSPCONbits 0014  
