

Microchip MPLAB XC8 Assembler V2.10 build 88905656 
                                                                                               Mon Feb 08 23:58:15 2021

Microchip MPLAB XC8 C Compiler v2.10 (Free license) build 20190730164152 Og1 
     1                           	processor	16F887
     2                           	opt	pw 120
     3                           	opt	flic
     4                           	psect	idataBANK0,global,class=CODE,delta=2
     5                           	psect	cinit,global,class=CODE,merge=1,delta=2
     6                           	psect	bssCOMMON,global,class=COMMON,space=1,delta=1
     7                           	psect	dataBANK0,global,class=BANK0,space=1,delta=1
     8                           	psect	inittext,global,class=CODE,delta=2
     9                           	psect	cstackCOMMON,global,class=COMMON,space=1,delta=1
    10                           	psect	cstackBANK0,global,class=BANK0,space=1,delta=1
    11                           	psect	maintext,global,class=CODE,split=1,delta=2
    12                           	psect	text1,local,class=CODE,merge=1,delta=2
    13                           	psect	text2,local,class=CODE,merge=1,delta=2
    14                           	psect	text3,local,class=CODE,merge=1,delta=2
    15                           	psect	text4,local,class=CODE,merge=1,delta=2
    16                           	psect	intentry,global,class=CODE,delta=2
    17                           	dabs	1,0x7E,2
    18  0000                     
    19                           ; Version 2.10
    20                           ; Generated 31/07/2019 GMT
    21                           ; 
    22                           ; Copyright © 2019, Microchip Technology Inc. and its subsidiaries ("Microchip")
    23                           ; All rights reserved.
    24                           ; 
    25                           ; This software is developed by Microchip Technology Inc. and its subsidiaries ("Microch
      +                          ip").
    26                           ; 
    27                           ; Redistribution and use in source and binary forms, with or without modification, are
    28                           ; permitted provided that the following conditions are met:
    29                           ; 
    30                           ;     1. Redistributions of source code must retain the above copyright notice, this lis
      +                          t of
    31                           ;        conditions and the following disclaimer.
    32                           ; 
    33                           ;     2. Redistributions in binary form must reproduce the above copyright notice, this 
      +                          list
    34                           ;        of conditions and the following disclaimer in the documentation and/or other
    35                           ;        materials provided with the distribution.
    36                           ; 
    37                           ;     3. Microchip's name may not be used to endorse or promote products derived from th
      +                          is
    38                           ;        software without specific prior written permission.
    39                           ; 
    40                           ; THIS SOFTWARE IS PROVIDED BY MICROCHIP "AS IS" AND ANY EXPRESS OR IMPLIED WARRANTIES,
    41                           ; INCLUDING, BUT NOT LIMITED TO, THE IMPLIED WARRANTIES OF MERCHANTABILITY AND FITNESS F
      +                          OR
    42                           ; PURPOSE ARE DISCLAIMED.  IN NO EVENT SHALL MICROCHIP BE LIABLE FOR ANY DIRECT, INDIREC
      +                          T,
    43                           ; INCIDENTAL, SPECIAL, EXEMPLARY, OR CONSEQUENTIAL DAMAGES (INCLUDING BUT NOT LIMITED TO
    44                           ; PROCUREMENT OF SUBSTITUTE GOODS OR SERVICES; LOSS OF USE, DATA OR PROFITS; OR BUSINESS
    45                           ; INTERRUPTION) HOWSOEVER CAUSED AND ON ANY THEORY OF LIABILITY, WHETHER IN CONTRACT, ST
      +                          RICT
    46                           ; LIABILITY, OR TORT (INCLUDING NEGLIGENCE OR OTHERWISE) ARISING IN ANY WAY OUT OF THE U
      +                          SE OF
    47                           ; THIS SOFTWARE, EVEN IF ADVISED OF THE POSSIBILITY OF SUCH DAMAGE.
    48                           ; 
    49                           ; 
    50                           ; Code-generator required, PIC16F887 Definitions
    51                           ; 
    52                           ; SFR Addresses
    53  0000                     	;# 
    54  0001                     	;# 
    55  0002                     	;# 
    56  0003                     	;# 
    57  0004                     	;# 
    58  0005                     	;# 
    59  0006                     	;# 
    60  0007                     	;# 
    61  0008                     	;# 
    62  0009                     	;# 
    63  000A                     	;# 
    64  000B                     	;# 
    65  000C                     	;# 
    66  000D                     	;# 
    67  000E                     	;# 
    68  000E                     	;# 
    69  000F                     	;# 
    70  0010                     	;# 
    71  0011                     	;# 
    72  0012                     	;# 
    73  0013                     	;# 
    74  0014                     	;# 
    75  0015                     	;# 
    76  0015                     	;# 
    77  0016                     	;# 
    78  0017                     	;# 
    79  0018                     	;# 
    80  0019                     	;# 
    81  001A                     	;# 
    82  001B                     	;# 
    83  001B                     	;# 
    84  001C                     	;# 
    85  001D                     	;# 
    86  001E                     	;# 
    87  001F                     	;# 
    88  0081                     	;# 
    89  0085                     	;# 
    90  0086                     	;# 
    91  0087                     	;# 
    92  0088                     	;# 
    93  0089                     	;# 
    94  008C                     	;# 
    95  008D                     	;# 
    96  008E                     	;# 
    97  008F                     	;# 
    98  0090                     	;# 
    99  0091                     	;# 
   100  0092                     	;# 
   101  0093                     	;# 
   102  0093                     	;# 
   103  0093                     	;# 
   104  0094                     	;# 
   105  0095                     	;# 
   106  0096                     	;# 
   107  0097                     	;# 
   108  0098                     	;# 
   109  0099                     	;# 
   110  009A                     	;# 
   111  009B                     	;# 
   112  009C                     	;# 
   113  009D                     	;# 
   114  009E                     	;# 
   115  009F                     	;# 
   116  0105                     	;# 
   117  0107                     	;# 
   118  0108                     	;# 
   119  0109                     	;# 
   120  010C                     	;# 
   121  010C                     	;# 
   122  010D                     	;# 
   123  010E                     	;# 
   124  010F                     	;# 
   125  0185                     	;# 
   126  0187                     	;# 
   127  0188                     	;# 
   128  0189                     	;# 
   129  018C                     	;# 
   130  018D                     	;# 
   131  0000                     	;# 
   132  0001                     	;# 
   133  0002                     	;# 
   134  0003                     	;# 
   135  0004                     	;# 
   136  0005                     	;# 
   137  0006                     	;# 
   138  0007                     	;# 
   139  0008                     	;# 
   140  0009                     	;# 
   141  000A                     	;# 
   142  000B                     	;# 
   143  000C                     	;# 
   144  000D                     	;# 
   145  000E                     	;# 
   146  000E                     	;# 
   147  000F                     	;# 
   148  0010                     	;# 
   149  0011                     	;# 
   150  0012                     	;# 
   151  0013                     	;# 
   152  0014                     	;# 
   153  0015                     	;# 
   154  0015                     	;# 
   155  0016                     	;# 
   156  0017                     	;# 
   157  0018                     	;# 
   158  0019                     	;# 
   159  001A                     	;# 
   160  001B                     	;# 
   161  001B                     	;# 
   162  001C                     	;# 
   163  001D                     	;# 
   164  001E                     	;# 
   165  001F                     	;# 
   166  0081                     	;# 
   167  0085                     	;# 
   168  0086                     	;# 
   169  0087                     	;# 
   170  0088                     	;# 
   171  0089                     	;# 
   172  008C                     	;# 
   173  008D                     	;# 
   174  008E                     	;# 
   175  008F                     	;# 
   176  0090                     	;# 
   177  0091                     	;# 
   178  0092                     	;# 
   179  0093                     	;# 
   180  0093                     	;# 
   181  0093                     	;# 
   182  0094                     	;# 
   183  0095                     	;# 
   184  0096                     	;# 
   185  0097                     	;# 
   186  0098                     	;# 
   187  0099                     	;# 
   188  009A                     	;# 
   189  009B                     	;# 
   190  009C                     	;# 
   191  009D                     	;# 
   192  009E                     	;# 
   193  009F                     	;# 
   194  0105                     	;# 
   195  0107                     	;# 
   196  0108                     	;# 
   197  0109                     	;# 
   198  010C                     	;# 
   199  010C                     	;# 
   200  010D                     	;# 
   201  010E                     	;# 
   202  010F                     	;# 
   203  0185                     	;# 
   204  0187                     	;# 
   205  0188                     	;# 
   206  0189                     	;# 
   207  018C                     	;# 
   208  018D                     	;# 
   209  0000                     	;# 
   210  0001                     	;# 
   211  0002                     	;# 
   212  0003                     	;# 
   213  0004                     	;# 
   214  0005                     	;# 
   215  0006                     	;# 
   216  0007                     	;# 
   217  0008                     	;# 
   218  0009                     	;# 
   219  000A                     	;# 
   220  000B                     	;# 
   221  000C                     	;# 
   222  000D                     	;# 
   223  000E                     	;# 
   224  000E                     	;# 
   225  000F                     	;# 
   226  0010                     	;# 
   227  0011                     	;# 
   228  0012                     	;# 
   229  0013                     	;# 
   230  0014                     	;# 
   231  0015                     	;# 
   232  0015                     	;# 
   233  0016                     	;# 
   234  0017                     	;# 
   235  0018                     	;# 
   236  0019                     	;# 
   237  001A                     	;# 
   238  001B                     	;# 
   239  001B                     	;# 
   240  001C                     	;# 
   241  001D                     	;# 
   242  001E                     	;# 
   243  001F                     	;# 
   244  0081                     	;# 
   245  0085                     	;# 
   246  0086                     	;# 
   247  0087                     	;# 
   248  0088                     	;# 
   249  0089                     	;# 
   250  008C                     	;# 
   251  008D                     	;# 
   252  008E                     	;# 
   253  008F                     	;# 
   254  0090                     	;# 
   255  0091                     	;# 
   256  0092                     	;# 
   257  0093                     	;# 
   258  0093                     	;# 
   259  0093                     	;# 
   260  0094                     	;# 
   261  0095                     	;# 
   262  0096                     	;# 
   263  0097                     	;# 
   264  0098                     	;# 
   265  0099                     	;# 
   266  009A                     	;# 
   267  009B                     	;# 
   268  009C                     	;# 
   269  009D                     	;# 
   270  009E                     	;# 
   271  009F                     	;# 
   272  0105                     	;# 
   273  0107                     	;# 
   274  0108                     	;# 
   275  0109                     	;# 
   276  010C                     	;# 
   277  010C                     	;# 
   278  010D                     	;# 
   279  010E                     	;# 
   280  010F                     	;# 
   281  0185                     	;# 
   282  0187                     	;# 
   283  0188                     	;# 
   284  0189                     	;# 
   285  018C                     	;# 
   286  018D                     	;# 
   287  0000                     	;# 
   288  0001                     	;# 
   289  0002                     	;# 
   290  0003                     	;# 
   291  0004                     	;# 
   292  0005                     	;# 
   293  0006                     	;# 
   294  0007                     	;# 
   295  0008                     	;# 
   296  0009                     	;# 
   297  000A                     	;# 
   298  000B                     	;# 
   299  000C                     	;# 
   300  000D                     	;# 
   301  000E                     	;# 
   302  000E                     	;# 
   303  000F                     	;# 
   304  0010                     	;# 
   305  0011                     	;# 
   306  0012                     	;# 
   307  0013                     	;# 
   308  0014                     	;# 
   309  0015                     	;# 
   310  0015                     	;# 
   311  0016                     	;# 
   312  0017                     	;# 
   313  0018                     	;# 
   314  0019                     	;# 
   315  001A                     	;# 
   316  001B                     	;# 
   317  001B                     	;# 
   318  001C                     	;# 
   319  001D                     	;# 
   320  001E                     	;# 
   321  001F                     	;# 
   322  0081                     	;# 
   323  0085                     	;# 
   324  0086                     	;# 
   325  0087                     	;# 
   326  0088                     	;# 
   327  0089                     	;# 
   328  008C                     	;# 
   329  008D                     	;# 
   330  008E                     	;# 
   331  008F                     	;# 
   332  0090                     	;# 
   333  0091                     	;# 
   334  0092                     	;# 
   335  0093                     	;# 
   336  0093                     	;# 
   337  0093                     	;# 
   338  0094                     	;# 
   339  0095                     	;# 
   340  0096                     	;# 
   341  0097                     	;# 
   342  0098                     	;# 
   343  0099                     	;# 
   344  009A                     	;# 
   345  009B                     	;# 
   346  009C                     	;# 
   347  009D                     	;# 
   348  009E                     	;# 
   349  009F                     	;# 
   350  0105                     	;# 
   351  0107                     	;# 
   352  0108                     	;# 
   353  0109                     	;# 
   354  010C                     	;# 
   355  010C                     	;# 
   356  010D                     	;# 
   357  010E                     	;# 
   358  010F                     	;# 
   359  0185                     	;# 
   360  0187                     	;# 
   361  0188                     	;# 
   362  0189                     	;# 
   363  018C                     	;# 
   364  018D                     	;# 
   365                           
   366                           	psect	idataBANK0
   367  018C                     __pidataBANK0:	
   368                           
   369                           ;initializer for _seg7
   370  018C  343F               	retlw	63
   371  018D  3406               	retlw	6
   372  018E  345B               	retlw	91
   373  018F  344F               	retlw	79
   374  0190  3466               	retlw	102
   375  0191  346D               	retlw	109
   376  0192  347D               	retlw	125
   377  0193  3407               	retlw	7
   378  0194  347F               	retlw	127
   379  0195  346F               	retlw	111
   380  0196  3477               	retlw	119
   381  0197  347C               	retlw	124
   382  0198  3439               	retlw	57
   383  0199  345E               	retlw	94
   384  019A  3479               	retlw	121
   385  019B  3471               	retlw	113
   386  001F                     _ADCON0	set	31
   387  0008                     _PORTDbits	set	8
   388  001E                     _ADRESH	set	30
   389  0009                     _PORTE	set	9
   390  0007                     _PORTC	set	7
   391  0006                     _PORTB	set	6
   392  0005                     _PORTA	set	5
   393  0001                     _TMR0	set	1
   394  000C                     _PIR1bits	set	12
   395  000B                     _INTCONbits	set	11
   396  0006                     _PORTBbits	set	6
   397  0008                     _PORTD	set	8
   398  0005                     _PORTAbits	set	5
   399  001F                     _ADCON0bits	set	31
   400  009F                     _ADCON1	set	159
   401  0089                     _TRISE	set	137
   402  0088                     _TRISD	set	136
   403  0087                     _TRISC	set	135
   404  0086                     _TRISB	set	134
   405  0085                     _TRISA	set	133
   406  0081                     _OPTION_REGbits	set	129
   407  0096                     _IOCBbits	set	150
   408  008C                     _PIE1bits	set	140
   409  008F                     _OSCCONbits	set	143
   410  0189                     _ANSELH	set	393
   411  0188                     _ANSEL	set	392
   412                           
   413                           ; #config settings
   414  0000                     
   415                           	psect	cinit
   416  000F                     start_initialization:	
   417  000F                     __initialization:	
   418                           
   419                           ; Initialize objects allocated to BANK0
   420  000F  1383               	bcf	3,7	;select IRP bank0
   421  0010  3030               	movlw	low (__pdataBANK0+16)
   422  0011  00FD               	movwf	btemp+-1
   423  0012  3001               	movlw	high __pidataBANK0
   424  0013  00FE               	movwf	btemp
   425  0014  308C               	movlw	low __pidataBANK0
   426  0015  00FF               	movwf	btemp+1
   427  0016  3020               	movlw	low __pdataBANK0
   428  0017  0084               	movwf	4
   429  0018  120A  118A  217D  120A  118A  	fcall	init_ram0
   430                           
   431                           ; Clear objects allocated to COMMON
   432  001D  01F6               	clrf	__pbssCOMMON& (0+127)
   433  001E  01F7               	clrf	(__pbssCOMMON+1)& (0+127)
   434  001F  01F8               	clrf	(__pbssCOMMON+2)& (0+127)
   435  0020  01F9               	clrf	(__pbssCOMMON+3)& (0+127)
   436  0021                     end_of_initialization:	
   437                           ;End of C runtime variable initialization code
   438                           
   439  0021                     __end_of__initialization:	
   440  0021  0183               	clrf	3
   441  0022  120A  118A  2883   	ljmp	_main	;jump to C main() function
   442                           
   443                           	psect	bssCOMMON
   444  0076                     __pbssCOMMON:	
   445  0076                     _tog:	
   446  0076                     	ds	1
   447  0077                     _arc:	
   448  0077                     	ds	1
   449  0078                     _y:	
   450  0078                     	ds	1
   451  0079                     _x:	
   452  0079                     	ds	1
   453                           
   454                           	psect	dataBANK0
   455  0020                     __pdataBANK0:	
   456  0020                     _seg7:	
   457  0020                     	ds	16
   458                           
   459                           	psect	inittext
   460  0179                     init_fetch0:	
   461                           ;	Called with low address in FSR and high address in W
   462                           
   463  0179  087E               	movf	btemp,w
   464  017A  008A               	movwf	10
   465  017B  087F               	movf	btemp+1,w
   466  017C  0082               	movwf	2
   467  017D                     init_ram0:	
   468                           ;Called with:
   469                           ;	high address of idata address in btemp 
   470                           ;	low address of idata address in btemp+1 
   471                           ;	low address of data in FSR
   472                           ;	high address + 1 of data in btemp-1
   473                           
   474  017D  120A  118A  2179  120A  118A  	fcall	init_fetch0
   475  0182  0080               	movwf	0
   476  0183  0A84               	incf	4,f
   477  0184  0804               	movf	4,w
   478  0185  067D               	xorwf	btemp+-1,w
   479  0186  1903               	btfsc	3,2
   480  0187  3400               	retlw	0
   481  0188  0AFF               	incf	btemp+1,f
   482  0189  1903               	btfsc	3,2
   483  018A  0AFE               	incf	btemp,f
   484  018B  297D               	goto	init_ram0
   485                           
   486                           	psect	cstackCOMMON
   487  0070                     __pcstackCOMMON:	
   488  0070                     ?_setup:	
   489  0070                     ?_initosc:	
   490                           ; 1 bytes @ 0x0
   491                           
   492  0070                     ?_main:	
   493                           ; 1 bytes @ 0x0
   494                           
   495  0070                     ?_ISR:	
   496                           ; 1 bytes @ 0x0
   497                           
   498  0070                     ??_ISR:	
   499                           ; 1 bytes @ 0x0
   500                           
   501                           
   502                           ; 1 bytes @ 0x0
   503  0070                     	ds	4
   504  0074                     ?_convertor:	
   505  0074                     ??_initosc:	
   506                           ; 1 bytes @ 0x4
   507                           
   508  0074                     convertor@channel:	
   509                           ; 1 bytes @ 0x4
   510                           
   511                           
   512                           ; 2 bytes @ 0x4
   513  0074                     	ds	2
   514  0076                     ??_setup:	
   515                           
   516                           	psect	cstackBANK0
   517  0030                     __pcstackBANK0:	
   518                           ; 1 bytes @ 0x6
   519                           
   520  0030                     ??_convertor:	
   521  0030                     initosc@IRCF:	
   522                           ; 1 bytes @ 0x0
   523                           
   524                           
   525                           ; 1 bytes @ 0x0
   526  0030                     	ds	1
   527  0031                     ??_main:	
   528                           
   529                           ; 1 bytes @ 0x1
   530  0031                     	ds	2
   531                           
   532                           	psect	maintext
   533  0083                     __pmaintext:	
   534 ;;
   535 ;;Main: autosize = 0, tempsize = 2, incstack = 0, save=0
   536 ;;
   537 ;; *************** function _main *****************
   538 ;; Defined at:
   539 ;;		line 79 in file "main_LAB_2.c"
   540 ;; Parameters:    Size  Location     Type
   541 ;;		None
   542 ;; Auto vars:     Size  Location     Type
   543 ;;		None
   544 ;; Return value:  Size  Location     Type
   545 ;;                  1    wreg      void 
   546 ;; Registers used:
   547 ;;		wreg, fsr0l, fsr0h, status,2, status,0, pclath, cstack
   548 ;; Tracked objects:
   549 ;;		On entry : B00/0
   550 ;;		On exit  : 0/0
   551 ;;		Unchanged: 0/0
   552 ;; Data sizes:     COMMON   BANK0   BANK1   BANK3   BANK2
   553 ;;      Params:         0       0       0       0       0
   554 ;;      Locals:         0       0       0       0       0
   555 ;;      Temps:          0       2       0       0       0
   556 ;;      Totals:         0       2       0       0       0
   557 ;;Total ram usage:        2 bytes
   558 ;; Hardware stack levels required when called:    3
   559 ;; This function calls:
   560 ;;		_convertor
   561 ;;		_setup
   562 ;; This function is called by:
   563 ;;		Startup code after reset
   564 ;; This function uses a non-reentrant model
   565 ;;
   566                           
   567                           
   568                           ;psect for function _main
   569  0083                     _main:	
   570  0083                     l1047:	
   571                           ;incstack = 0
   572                           ; Regs used in _main: [wreg-fsr0h+status,2+status,0+pclath+cstack]
   573                           
   574                           
   575                           ;main_LAB_2.c: 81:     initosc(7);
   576  0083  120A  118A  20CF  120A  118A  	fcall	_setup
   577  0088                     l1049:	
   578                           
   579                           ;main_LAB_2.c: 87:     INTCONbits.RBIE = 1;
   580  0088  30E8               	movlw	232
   581  0089  00F4               	movwf	convertor@channel
   582  008A  3003               	movlw	3
   583  008B  00F5               	movwf	convertor@channel+1
   584  008C  120A  118A  215F  120A  118A  	fcall	_convertor
   585  0091                     l1051:	
   586                           
   587                           ;main_LAB_2.c: 88:     INTCONbits.T0IE = 1;
   588  0091  1283               	bcf	3,5	;RP0=0, select bank0
   589  0092  1303               	bcf	3,6	;RP1=0, select bank0
   590  0093  141F               	bsf	31,0	;volatile
   591  0094                     l1053:	
   592                           
   593                           ;main_LAB_2.c: 89:     INTCONbits.INTE = 1;
   594  0094  3027               	movlw	39
   595  0095  1283               	bcf	3,5	;RP0=0, select bank0
   596  0096  1303               	bcf	3,6	;RP1=0, select bank0
   597  0097  00B2               	movwf	??_main+1
   598  0098  30F4               	movlw	244
   599  0099  00B1               	movwf	??_main
   600  009A                     u217:	
   601  009A  0BB1               	decfsz	??_main,f
   602  009B  289A               	goto	u217
   603  009C  0BB2               	decfsz	??_main+1,f
   604  009D  289A               	goto	u217
   605  009E  0000               	nop
   606  009F                     l1055:	
   607                           
   608                           ;main_LAB_2.c: 90:     PIE1bits.ADIE = 1;
   609  009F  1283               	bcf	3,5	;RP0=0, select bank0
   610  00A0  1303               	bcf	3,6	;RP1=0, select bank0
   611  00A1  149F               	bsf	31,1	;volatile
   612  00A2                     l72:	
   613                           ;main_LAB_2.c: 91: 
   614                           
   615  00A2  189F               	btfsc	31,1	;volatile
   616  00A3  28A5               	goto	u171
   617  00A4  28A6               	goto	u170
   618  00A5                     u171:	
   619  00A5  28A2               	goto	l72
   620  00A6                     u170:	
   621  00A6                     l1057:	
   622                           
   623                           ;main_LAB_2.c: 92:     INTCONbits.T0IF = 0;
   624  00A6  0876               	movf	_tog,w
   625  00A7  1D03               	btfss	3,2
   626  00A8  28AA               	goto	u181
   627  00A9  28AB               	goto	u180
   628  00AA                     u181:	
   629  00AA  28B5               	goto	l1065
   630  00AB                     u180:	
   631  00AB                     l1059:	
   632                           
   633                           ;main_LAB_2.c: 93:     INTCONbits.RBIF = 0;
   634  00AB  1405               	bsf	5,0	;volatile
   635                           
   636                           ;main_LAB_2.c: 94:     PIR1bits.ADIF = 0;
   637  00AC  1085               	bcf	5,1	;volatile
   638  00AD                     l1061:	
   639                           
   640                           ;main_LAB_2.c: 95: 
   641  00AD  0878               	movf	_y,w
   642  00AE  3E20               	addlw	(low (_seg7| 0))& (0+255)
   643  00AF  0084               	movwf	4
   644  00B0  1383               	bcf	3,7	;select IRP bank0
   645  00B1  0800               	movf	0,w
   646  00B2  0088               	movwf	8	;volatile
   647  00B3                     l1063:	
   648                           
   649                           ;main_LAB_2.c: 96:     IOCBbits.IOCB0 = 1;
   650  00B3  01F6               	clrf	_tog
   651  00B4  0AF6               	incf	_tog,f
   652  00B5                     l1065:	
   653                           
   654                           ;main_LAB_2.c: 98:     IOCBbits.IOCB2 = 1;
   655  00B5  0376               	decf	_tog,w
   656  00B6  1D03               	btfss	3,2
   657  00B7  28B9               	goto	u191
   658  00B8  28BA               	goto	u190
   659  00B9                     u191:	
   660  00B9  28C3               	goto	l1073
   661  00BA                     u190:	
   662  00BA                     l1067:	
   663                           
   664                           ;main_LAB_2.c: 99: 
   665  00BA  1005               	bcf	5,0	;volatile
   666                           
   667                           ;main_LAB_2.c: 100: 
   668  00BB  1485               	bsf	5,1	;volatile
   669  00BC                     l1069:	
   670                           
   671                           ;main_LAB_2.c: 101:     OPTION_REGbits.nRBPU = 1;
   672  00BC  0879               	movf	_x,w
   673  00BD  3E20               	addlw	(low (_seg7| 0))& (0+255)
   674  00BE  0084               	movwf	4
   675  00BF  1383               	bcf	3,7	;select IRP bank0
   676  00C0  0800               	movf	0,w
   677  00C1  0088               	movwf	8	;volatile
   678  00C2                     l1071:	
   679                           
   680                           ;main_LAB_2.c: 102:     OPTION_REGbits.INTEDG = 0;
   681  00C2  01F6               	clrf	_tog
   682  00C3                     l1073:	
   683                           
   684                           ;main_LAB_2.c: 105:     OPTION_REGbits.PSA = 0;
   685  00C3  0808               	movf	8,w	;volatile
   686  00C4  0277               	subwf	_arc,w
   687  00C5  1C03               	skipc
   688  00C6  28C8               	goto	u201
   689  00C7  28C9               	goto	u200
   690  00C8                     u201:	
   691  00C8  28CA               	goto	l77
   692  00C9                     u200:	
   693  00C9                     l1075:	
   694                           
   695                           ;main_LAB_2.c: 106:     OPTION_REGbits.PS = 0b000;
   696  00C9  1506               	bsf	6,2	;volatile
   697  00CA                     l77:	
   698                           ;main_LAB_2.c: 107:     TMR0 = 2;
   699                           
   700                           
   701                           ;main_LAB_2.c: 108:     ANSEL = 0;
   702  00CA  1106               	bcf	6,2	;volatile
   703  00CB  2888               	goto	l1049
   704  00CC  120A  118A  280C   	ljmp	start
   705  00CF                     __end_of_main:	
   706                           
   707                           	psect	text1
   708  00CF                     __ptext1:	
   709 ;; *************** function _setup *****************
   710 ;; Defined at:
   711 ;;		line 116 in file "main_LAB_2.c"
   712 ;; Parameters:    Size  Location     Type
   713 ;;		None
   714 ;; Auto vars:     Size  Location     Type
   715 ;;		None
   716 ;; Return value:  Size  Location     Type
   717 ;;                  1    wreg      void 
   718 ;; Registers used:
   719 ;;		wreg, fsr0l, fsr0h, status,2, status,0, pclath, cstack
   720 ;; Tracked objects:
   721 ;;		On entry : 0/0
   722 ;;		On exit  : 0/0
   723 ;;		Unchanged: 0/0
   724 ;; Data sizes:     COMMON   BANK0   BANK1   BANK3   BANK2
   725 ;;      Params:         0       0       0       0       0
   726 ;;      Locals:         0       0       0       0       0
   727 ;;      Temps:          0       0       0       0       0
   728 ;;      Totals:         0       0       0       0       0
   729 ;;Total ram usage:        0 bytes
   730 ;; Hardware stack levels used:    1
   731 ;; Hardware stack levels required when called:    2
   732 ;; This function calls:
   733 ;;		_initosc
   734 ;; This function is called by:
   735 ;;		_main
   736 ;; This function uses a non-reentrant model
   737 ;;
   738                           
   739                           
   740                           ;psect for function _setup
   741  00CF                     _setup:	
   742  00CF                     l967:	
   743                           ;incstack = 0
   744                           ; Regs used in _setup: [wreg-fsr0h+status,2+status,0+pclath+cstack]
   745                           
   746                           
   747                           ;main_LAB_2.c: 118:     TRISE = 0;
   748  00CF  3007               	movlw	7
   749  00D0  120A  118A  2025  120A  118A  	fcall	_initosc
   750  00D5                     l969:	
   751                           
   752                           ;main_LAB_2.c: 119:     PORTE = 0;
   753  00D5  1683               	bsf	3,5	;RP0=1, select bank1
   754  00D6  1303               	bcf	3,6	;RP1=0, select bank1
   755  00D7  118F               	bcf	15,3	;volatile
   756  00D8                     l971:	
   757                           
   758                           ;main_LAB_2.c: 120: 
   759  00D8  110F               	bcf	15,2	;volatile
   760  00D9                     l973:	
   761                           
   762                           ;main_LAB_2.c: 121: }
   763  00D9  108F               	bcf	15,1	;volatile
   764  00DA                     l975:	
   765                           
   766                           ;main_LAB_2.c: 122: 
   767  00DA  178B               	bsf	11,7	;volatile
   768  00DB                     l977:	
   769                           
   770                           ;main_LAB_2.c: 123: 
   771  00DB  170B               	bsf	11,6	;volatile
   772  00DC                     l979:	
   773                           
   774                           ;main_LAB_2.c: 124: 
   775  00DC  158B               	bsf	11,3	;volatile
   776  00DD                     l981:	
   777                           
   778                           ;main_LAB_2.c: 125: 
   779  00DD  168B               	bsf	11,5	;volatile
   780  00DE                     l983:	
   781                           
   782                           ;main_LAB_2.c: 126: 
   783  00DE  160B               	bsf	11,4	;volatile
   784  00DF                     l985:	
   785                           
   786                           ;main_LAB_2.c: 127: void __attribute__((picinterrupt(("")))) ISR() {
   787  00DF  170C               	bsf	12,6	;volatile
   788  00E0                     l987:	
   789                           
   790                           ;main_LAB_2.c: 129:         PORTC = PORTC + 1;
   791  00E0  110B               	bcf	11,2	;volatile
   792  00E1                     l989:	
   793                           
   794                           ;main_LAB_2.c: 130:         INTCONbits.RBIF = 0;
   795  00E1  100B               	bcf	11,0	;volatile
   796  00E2                     l991:	
   797                           
   798                           ;main_LAB_2.c: 131:     }
   799  00E2  1283               	bcf	3,5	;RP0=0, select bank0
   800  00E3  1303               	bcf	3,6	;RP1=0, select bank0
   801  00E4  130C               	bcf	12,6	;volatile
   802  00E5                     l993:	
   803                           
   804                           ;main_LAB_2.c: 133:         PORTC = PORTC - 1;
   805  00E5  1683               	bsf	3,5	;RP0=1, select bank1
   806  00E6  1303               	bcf	3,6	;RP1=0, select bank1
   807  00E7  1416               	bsf	22,0	;volatile
   808  00E8                     l995:	
   809                           
   810                           ;main_LAB_2.c: 134:         INTCONbits.RBIF = 0;
   811  00E8  1496               	bsf	22,1	;volatile
   812  00E9                     l997:	
   813                           
   814                           ;main_LAB_2.c: 135:     }
   815  00E9  1516               	bsf	22,2	;volatile
   816  00EA                     l999:	
   817                           
   818                           ;main_LAB_2.c: 138:         arc = ADRESH;
   819  00EA  1781               	bsf	1,7	;volatile
   820  00EB                     l1001:	
   821                           
   822                           ;main_LAB_2.c: 139:         y = arc ;
   823  00EB  1301               	bcf	1,6	;volatile
   824  00EC                     l1003:	
   825                           
   826                           ;main_LAB_2.c: 140:         x = arc & 0x0F;
   827  00EC  1281               	bcf	1,5	;volatile
   828  00ED                     l1005:	
   829                           
   830                           ;main_LAB_2.c: 141:         y = ((arc & 0xF0) >> 4);
   831  00ED  1201               	bcf	1,4	;volatile
   832  00EE                     l1007:	
   833                           
   834                           ;main_LAB_2.c: 142:         PORTDbits.RD3 = 1;
   835  00EE  1181               	bcf	1,3	;volatile
   836  00EF                     l1009:	
   837                           
   838                           ;main_LAB_2.c: 143:         PIR1bits.ADIF = 0;
   839  00EF  30F8               	movlw	-8
   840  00F0  0581               	andwf	1,f	;volatile
   841  00F1                     l1011:	
   842                           
   843                           ;main_LAB_2.c: 144:     }
   844  00F1  3002               	movlw	2
   845  00F2  1283               	bcf	3,5	;RP0=0, select bank0
   846  00F3  1303               	bcf	3,6	;RP1=0, select bank0
   847  00F4  0081               	movwf	1	;volatile
   848  00F5                     l1013:	
   849                           
   850                           ;main_LAB_2.c: 145: }
   851  00F5  1683               	bsf	3,5	;RP0=1, select bank3
   852  00F6  1703               	bsf	3,6	;RP1=1, select bank3
   853  00F7  0188               	clrf	8	;volatile
   854  00F8                     l1015:	
   855                           
   856                           ;main_LAB_2.c: 146: void toggle(void) {
   857  00F8  3001               	movlw	1
   858  00F9  0089               	movwf	9	;volatile
   859  00FA                     l1017:	
   860                           
   861                           ;main_LAB_2.c: 147:     if (tog == 0) {
   862  00FA  1683               	bsf	3,5	;RP0=1, select bank1
   863  00FB  1303               	bcf	3,6	;RP1=0, select bank1
   864  00FC  0185               	clrf	5	;volatile
   865  00FD                     l1019:	
   866                           
   867                           ;main_LAB_2.c: 148:         tog = 1;
   868  00FD  1283               	bcf	3,5	;RP0=0, select bank0
   869  00FE  1303               	bcf	3,6	;RP1=0, select bank0
   870  00FF  0185               	clrf	5	;volatile
   871  0100                     l1021:	
   872                           
   873                           ;main_LAB_2.c: 149:     }
   874  0100  3007               	movlw	7
   875  0101  1683               	bsf	3,5	;RP0=1, select bank1
   876  0102  1303               	bcf	3,6	;RP1=0, select bank1
   877  0103  0086               	movwf	6	;volatile
   878  0104                     l1023:	
   879                           
   880                           ;main_LAB_2.c: 150:     if (tog == 1) {
   881  0104  1283               	bcf	3,5	;RP0=0, select bank0
   882  0105  1303               	bcf	3,6	;RP1=0, select bank0
   883  0106  0186               	clrf	6	;volatile
   884  0107                     l1025:	
   885                           
   886                           ;main_LAB_2.c: 151:         tog = 0;
   887  0107  1683               	bsf	3,5	;RP0=1, select bank1
   888  0108  1303               	bcf	3,6	;RP1=0, select bank1
   889  0109  0187               	clrf	7	;volatile
   890  010A                     l1027:	
   891                           
   892                           ;main_LAB_2.c: 152:     }
   893  010A  1283               	bcf	3,5	;RP0=0, select bank0
   894  010B  1303               	bcf	3,6	;RP1=0, select bank0
   895  010C  0187               	clrf	7	;volatile
   896  010D                     l1029:	
   897                           
   898                           ;main_LAB_2.c: 153: }
   899  010D  1683               	bsf	3,5	;RP0=1, select bank1
   900  010E  1303               	bcf	3,6	;RP1=0, select bank1
   901  010F  0188               	clrf	8	;volatile
   902  0110                     l1031:	
   903  0110  1283               	bcf	3,5	;RP0=0, select bank0
   904  0111  1303               	bcf	3,6	;RP1=0, select bank0
   905  0112  0188               	clrf	8	;volatile
   906  0113                     l1033:	
   907  0113  1683               	bsf	3,5	;RP0=1, select bank1
   908  0114  1303               	bcf	3,6	;RP1=0, select bank1
   909  0115  0189               	clrf	9	;volatile
   910  0116                     l1035:	
   911  0116  1283               	bcf	3,5	;RP0=0, select bank0
   912  0117  1303               	bcf	3,6	;RP1=0, select bank0
   913  0118  0189               	clrf	9	;volatile
   914  0119                     l83:	
   915  0119  0008               	return
   916  011A                     __end_of_setup:	
   917                           
   918                           	psect	text2
   919  0025                     __ptext2:	
   920 ;; *************** function _initosc *****************
   921 ;; Defined at:
   922 ;;		line 7 in file "oscilador.c"
   923 ;; Parameters:    Size  Location     Type
   924 ;;  IRCF            1    wreg     unsigned char 
   925 ;; Auto vars:     Size  Location     Type
   926 ;;  IRCF            1    0[BANK0 ] unsigned char 
   927 ;; Return value:  Size  Location     Type
   928 ;;                  1    wreg      void 
   929 ;; Registers used:
   930 ;;		wreg, fsr0l, fsr0h, status,2, status,0
   931 ;; Tracked objects:
   932 ;;		On entry : 0/0
   933 ;;		On exit  : 0/0
   934 ;;		Unchanged: 0/0
   935 ;; Data sizes:     COMMON   BANK0   BANK1   BANK3   BANK2
   936 ;;      Params:         0       0       0       0       0
   937 ;;      Locals:         0       1       0       0       0
   938 ;;      Temps:          2       0       0       0       0
   939 ;;      Totals:         2       1       0       0       0
   940 ;;Total ram usage:        3 bytes
   941 ;; Hardware stack levels used:    1
   942 ;; Hardware stack levels required when called:    1
   943 ;; This function calls:
   944 ;;		Nothing
   945 ;; This function is called by:
   946 ;;		_setup
   947 ;; This function uses a non-reentrant model
   948 ;;
   949                           
   950                           
   951                           ;psect for function _initosc
   952  0025                     _initosc:	
   953                           
   954                           ;incstack = 0
   955                           ; Regs used in _initosc: [wreg-fsr0h+status,2+status,0]
   956                           ;initosc@IRCF stored from wreg
   957  0025  1283               	bcf	3,5	;RP0=0, select bank0
   958  0026  1303               	bcf	3,6	;RP1=0, select bank0
   959  0027  00B0               	movwf	initosc@IRCF
   960  0028                     l955:	
   961                           
   962                           ;oscilador.c: 9:     switch(IRCF){
   963  0028  285F               	goto	l959
   964  0029                     l102:	
   965                           ;oscilador.c: 10:         case 0:
   966                           
   967                           
   968                           ;oscilador.c: 11:             OSCCONbits.IRCF2 = 0;
   969  0029  1683               	bsf	3,5	;RP0=1, select bank1
   970  002A  1303               	bcf	3,6	;RP1=0, select bank1
   971  002B  130F               	bcf	15,6	;volatile
   972                           
   973                           ;oscilador.c: 12:             OSCCONbits.IRCF1 = 0;
   974  002C  128F               	bcf	15,5	;volatile
   975                           
   976                           ;oscilador.c: 13:             OSCCONbits.IRCF0 = 0;
   977  002D  120F               	bcf	15,4	;volatile
   978                           
   979                           ;oscilador.c: 14:             break;
   980  002E  2881               	goto	l103
   981  002F                     l104:	
   982                           ;oscilador.c: 16:         case 1:
   983                           
   984                           
   985                           ;oscilador.c: 17:             OSCCONbits.IRCF2 = 0;
   986  002F  1683               	bsf	3,5	;RP0=1, select bank1
   987  0030  1303               	bcf	3,6	;RP1=0, select bank1
   988  0031  130F               	bcf	15,6	;volatile
   989                           
   990                           ;oscilador.c: 18:             OSCCONbits.IRCF1 = 0;
   991  0032  128F               	bcf	15,5	;volatile
   992                           
   993                           ;oscilador.c: 19:             OSCCONbits.IRCF0 = 1;
   994  0033  160F               	bsf	15,4	;volatile
   995                           
   996                           ;oscilador.c: 20:             break;
   997  0034  2881               	goto	l103
   998  0035                     l105:	
   999                           ;oscilador.c: 21:         case 2:
  1000                           
  1001                           
  1002                           ;oscilador.c: 22:             OSCCONbits.IRCF2 = 0;
  1003  0035  1683               	bsf	3,5	;RP0=1, select bank1
  1004  0036  1303               	bcf	3,6	;RP1=0, select bank1
  1005  0037  130F               	bcf	15,6	;volatile
  1006                           
  1007                           ;oscilador.c: 23:             OSCCONbits.IRCF1 = 1;
  1008  0038  168F               	bsf	15,5	;volatile
  1009                           
  1010                           ;oscilador.c: 24:             OSCCONbits.IRCF0 = 0;
  1011  0039  120F               	bcf	15,4	;volatile
  1012                           
  1013                           ;oscilador.c: 25:             break;
  1014  003A  2881               	goto	l103
  1015  003B                     l106:	
  1016                           ;oscilador.c: 26:         case 3:
  1017                           
  1018                           
  1019                           ;oscilador.c: 27:             OSCCONbits.IRCF2 = 0;
  1020  003B  1683               	bsf	3,5	;RP0=1, select bank1
  1021  003C  1303               	bcf	3,6	;RP1=0, select bank1
  1022  003D  130F               	bcf	15,6	;volatile
  1023                           
  1024                           ;oscilador.c: 28:             OSCCONbits.IRCF1 = 1;
  1025  003E  168F               	bsf	15,5	;volatile
  1026                           
  1027                           ;oscilador.c: 29:             OSCCONbits.IRCF0 = 1;
  1028  003F  160F               	bsf	15,4	;volatile
  1029                           
  1030                           ;oscilador.c: 30:             break;
  1031  0040  2881               	goto	l103
  1032  0041                     l107:	
  1033                           ;oscilador.c: 31:         case 4:
  1034                           
  1035                           
  1036                           ;oscilador.c: 32:             OSCCONbits.IRCF2 = 1;
  1037  0041  1683               	bsf	3,5	;RP0=1, select bank1
  1038  0042  1303               	bcf	3,6	;RP1=0, select bank1
  1039  0043  170F               	bsf	15,6	;volatile
  1040                           
  1041                           ;oscilador.c: 33:             OSCCONbits.IRCF1 = 0;
  1042  0044  128F               	bcf	15,5	;volatile
  1043                           
  1044                           ;oscilador.c: 34:             OSCCONbits.IRCF0 = 0;
  1045  0045  120F               	bcf	15,4	;volatile
  1046                           
  1047                           ;oscilador.c: 35:             break;
  1048  0046  2881               	goto	l103
  1049  0047                     l108:	
  1050                           ;oscilador.c: 36:         case 5:
  1051                           
  1052                           
  1053                           ;oscilador.c: 37:             OSCCONbits.IRCF2 = 1;
  1054  0047  1683               	bsf	3,5	;RP0=1, select bank1
  1055  0048  1303               	bcf	3,6	;RP1=0, select bank1
  1056  0049  170F               	bsf	15,6	;volatile
  1057                           
  1058                           ;oscilador.c: 38:             OSCCONbits.IRCF1 = 0;
  1059  004A  128F               	bcf	15,5	;volatile
  1060                           
  1061                           ;oscilador.c: 39:             OSCCONbits.IRCF0 = 1;
  1062  004B  160F               	bsf	15,4	;volatile
  1063                           
  1064                           ;oscilador.c: 40:             break;
  1065  004C  2881               	goto	l103
  1066  004D                     l109:	
  1067                           ;oscilador.c: 41:         case 6:
  1068                           
  1069                           
  1070                           ;oscilador.c: 42:             OSCCONbits.IRCF2 = 1;
  1071  004D  1683               	bsf	3,5	;RP0=1, select bank1
  1072  004E  1303               	bcf	3,6	;RP1=0, select bank1
  1073  004F  170F               	bsf	15,6	;volatile
  1074                           
  1075                           ;oscilador.c: 43:             OSCCONbits.IRCF1 = 1;
  1076  0050  168F               	bsf	15,5	;volatile
  1077                           
  1078                           ;oscilador.c: 44:             OSCCONbits.IRCF0 = 0;
  1079  0051  120F               	bcf	15,4	;volatile
  1080                           
  1081                           ;oscilador.c: 45:             break;
  1082  0052  2881               	goto	l103
  1083  0053                     l110:	
  1084                           ;oscilador.c: 46:         case 7:
  1085                           
  1086                           
  1087                           ;oscilador.c: 47:             OSCCONbits.IRCF2 = 1;
  1088  0053  1683               	bsf	3,5	;RP0=1, select bank1
  1089  0054  1303               	bcf	3,6	;RP1=0, select bank1
  1090  0055  170F               	bsf	15,6	;volatile
  1091                           
  1092                           ;oscilador.c: 48:             OSCCONbits.IRCF1 = 1;
  1093  0056  168F               	bsf	15,5	;volatile
  1094                           
  1095                           ;oscilador.c: 49:             OSCCONbits.IRCF0 = 1;
  1096  0057  160F               	bsf	15,4	;volatile
  1097                           
  1098                           ;oscilador.c: 50:             break;
  1099  0058  2881               	goto	l103
  1100  0059                     l111:	
  1101                           ;oscilador.c: 51:         default:
  1102                           
  1103                           
  1104                           ;oscilador.c: 52:             OSCCONbits.IRCF2 = 1;
  1105  0059  1683               	bsf	3,5	;RP0=1, select bank1
  1106  005A  1303               	bcf	3,6	;RP1=0, select bank1
  1107  005B  170F               	bsf	15,6	;volatile
  1108                           
  1109                           ;oscilador.c: 53:             OSCCONbits.IRCF1 = 1;
  1110  005C  168F               	bsf	15,5	;volatile
  1111                           
  1112                           ;oscilador.c: 54:             OSCCONbits.IRCF0 = 0;
  1113  005D  120F               	bcf	15,4	;volatile
  1114                           
  1115                           ;oscilador.c: 55:             break;
  1116  005E  2881               	goto	l103
  1117  005F                     l959:	
  1118  005F  0830               	movf	initosc@IRCF,w
  1119  0060  00F4               	movwf	??_initosc
  1120  0061  01F5               	clrf	??_initosc+1
  1121                           
  1122                           ; Switch on 2 bytes has been partitioned into a top level switch of size 1, and 1 sub-sw
      +                          itches
  1123                           ; Switch size 1, requested type "simple"
  1124                           ; Number of cases is 1, Range of values is 0 to 0
  1125                           ; switch strategies available:
  1126                           ; Name         Instructions Cycles
  1127                           ; simple_byte            4     3 (average)
  1128                           ; direct_byte           11     8 (fixed)
  1129                           ; jumptable            260     6 (fixed)
  1130                           ;	Chosen strategy is simple_byte
  1131  0062  0875               	movf	??_initosc+1,w
  1132  0063  3A00               	xorlw	0	; case 0
  1133  0064  1903               	skipnz
  1134  0065  2867               	goto	l1107
  1135  0066  2859               	goto	l111
  1136  0067                     l1107:	
  1137                           
  1138                           ; Switch size 1, requested type "simple"
  1139                           ; Number of cases is 8, Range of values is 0 to 7
  1140                           ; switch strategies available:
  1141                           ; Name         Instructions Cycles
  1142                           ; simple_byte           25    13 (average)
  1143                           ; direct_byte           32     8 (fixed)
  1144                           ; jumptable            260     6 (fixed)
  1145                           ;	Chosen strategy is simple_byte
  1146  0067  0874               	movf	??_initosc,w
  1147  0068  3A00               	xorlw	0	; case 0
  1148  0069  1903               	skipnz
  1149  006A  2829               	goto	l102
  1150  006B  3A01               	xorlw	1	; case 1
  1151  006C  1903               	skipnz
  1152  006D  282F               	goto	l104
  1153  006E  3A03               	xorlw	3	; case 2
  1154  006F  1903               	skipnz
  1155  0070  2835               	goto	l105
  1156  0071  3A01               	xorlw	1	; case 3
  1157  0072  1903               	skipnz
  1158  0073  283B               	goto	l106
  1159  0074  3A07               	xorlw	7	; case 4
  1160  0075  1903               	skipnz
  1161  0076  2841               	goto	l107
  1162  0077  3A01               	xorlw	1	; case 5
  1163  0078  1903               	skipnz
  1164  0079  2847               	goto	l108
  1165  007A  3A03               	xorlw	3	; case 6
  1166  007B  1903               	skipnz
  1167  007C  284D               	goto	l109
  1168  007D  3A01               	xorlw	1	; case 7
  1169  007E  1903               	skipnz
  1170  007F  2853               	goto	l110
  1171  0080  2859               	goto	l111
  1172  0081                     l103:	
  1173                           
  1174                           ;oscilador.c: 57:     OSCCONbits.SCS = 1;
  1175  0081  140F               	bsf	15,0	;volatile
  1176  0082                     l112:	
  1177  0082  0008               	return
  1178  0083                     __end_of_initosc:	
  1179                           
  1180                           	psect	text3
  1181  015F                     __ptext3:	
  1182 ;; *************** function _convertor *****************
  1183 ;; Defined at:
  1184 ;;		line 17 in file "adc.c"
  1185 ;; Parameters:    Size  Location     Type
  1186 ;;  channel         2    4[COMMON] int 
  1187 ;; Auto vars:     Size  Location     Type
  1188 ;;		None
  1189 ;; Return value:  Size  Location     Type
  1190 ;;                  1    wreg      void 
  1191 ;; Registers used:
  1192 ;;		wreg, status,2, status,0
  1193 ;; Tracked objects:
  1194 ;;		On entry : 0/0
  1195 ;;		On exit  : 0/0
  1196 ;;		Unchanged: 0/0
  1197 ;; Data sizes:     COMMON   BANK0   BANK1   BANK3   BANK2
  1198 ;;      Params:         2       0       0       0       0
  1199 ;;      Locals:         0       0       0       0       0
  1200 ;;      Temps:          0       1       0       0       0
  1201 ;;      Totals:         2       1       0       0       0
  1202 ;;Total ram usage:        3 bytes
  1203 ;; Hardware stack levels used:    1
  1204 ;; Hardware stack levels required when called:    1
  1205 ;; This function calls:
  1206 ;;		Nothing
  1207 ;; This function is called by:
  1208 ;;		_main
  1209 ;; This function uses a non-reentrant model
  1210 ;;
  1211                           
  1212                           
  1213                           ;psect for function _convertor
  1214  015F                     _convertor:	
  1215  015F                     l1037:	
  1216                           ;incstack = 0
  1217                           ; Regs used in _convertor: [wreg+status,2+status,0]
  1218                           
  1219                           
  1220                           ;adc.c: 18:     INTCONbits.GIE = 1;
  1221  015F  178B               	bsf	11,7	;volatile
  1222                           
  1223                           ;adc.c: 19:     INTCONbits.PEIE = 1;
  1224  0160  170B               	bsf	11,6	;volatile
  1225                           
  1226                           ;adc.c: 20:     PIE1bits.ADIE = 1;
  1227  0161  1683               	bsf	3,5	;RP0=1, select bank1
  1228  0162  1303               	bcf	3,6	;RP1=0, select bank1
  1229  0163  170C               	bsf	12,6	;volatile
  1230                           
  1231                           ;adc.c: 21:     PIR1bits.ADIF = 0;
  1232  0164  1283               	bcf	3,5	;RP0=0, select bank0
  1233  0165  1303               	bcf	3,6	;RP1=0, select bank0
  1234  0166  130C               	bcf	12,6	;volatile
  1235  0167                     l1039:	
  1236                           
  1237                           ;adc.c: 22:     ADCON0=0b01000000;
  1238  0167  3040               	movlw	64
  1239  0168  009F               	movwf	31	;volatile
  1240  0169                     l1041:	
  1241                           
  1242                           ;adc.c: 24:     ADCON1=0b00000000;
  1243  0169  1683               	bsf	3,5	;RP0=1, select bank1
  1244  016A  1303               	bcf	3,6	;RP1=0, select bank1
  1245  016B  019F               	clrf	31	;volatile
  1246  016C                     l1043:	
  1247                           
  1248                           ;adc.c: 25:     ADCON0bits.CHS= channel;
  1249  016C  0874               	movf	convertor@channel,w
  1250  016D  1283               	bcf	3,5	;RP0=0, select bank0
  1251  016E  1303               	bcf	3,6	;RP1=0, select bank0
  1252  016F  00B0               	movwf	??_convertor
  1253  0170  0DB0               	rlf	??_convertor,f
  1254  0171  0DB0               	rlf	??_convertor,f
  1255  0172  081F               	movf	31,w	;volatile
  1256  0173  0630               	xorwf	??_convertor,w
  1257  0174  39C3               	andlw	-61
  1258  0175  0630               	xorwf	??_convertor,w
  1259  0176  009F               	movwf	31	;volatile
  1260  0177                     l1045:	
  1261                           
  1262                           ;adc.c: 26:     PIR1bits.ADIF = 0;
  1263  0177  130C               	bcf	12,6	;volatile
  1264  0178                     l127:	
  1265  0178  0008               	return
  1266  0179                     __end_of_convertor:	
  1267                           
  1268                           	psect	text4
  1269  011A                     __ptext4:	
  1270 ;; *************** function _ISR *****************
  1271 ;; Defined at:
  1272 ;;		line 164 in file "main_LAB_2.c"
  1273 ;; Parameters:    Size  Location     Type
  1274 ;;		None
  1275 ;; Auto vars:     Size  Location     Type
  1276 ;;		None
  1277 ;; Return value:  Size  Location     Type
  1278 ;;                  1    wreg      void 
  1279 ;; Registers used:
  1280 ;;		wreg, status,2, status,0
  1281 ;; Tracked objects:
  1282 ;;		On entry : 0/0
  1283 ;;		On exit  : 0/0
  1284 ;;		Unchanged: 0/0
  1285 ;; Data sizes:     COMMON   BANK0   BANK1   BANK3   BANK2
  1286 ;;      Params:         0       0       0       0       0
  1287 ;;      Locals:         0       0       0       0       0
  1288 ;;      Temps:          4       0       0       0       0
  1289 ;;      Totals:         4       0       0       0       0
  1290 ;;Total ram usage:        4 bytes
  1291 ;; Hardware stack levels used:    1
  1292 ;; This function calls:
  1293 ;;		Nothing
  1294 ;; This function is called by:
  1295 ;;		Interrupt level 1
  1296 ;; This function uses a non-reentrant model
  1297 ;;
  1298                           
  1299                           
  1300                           ;psect for function _ISR
  1301  011A                     _ISR:	
  1302  011A                     i1l839:	
  1303  011A  1C0B               	btfss	11,0	;volatile
  1304  011B  291D               	goto	u5_21
  1305  011C  291E               	goto	u5_20
  1306  011D                     u5_21:	
  1307  011D  2928               	goto	i1l847
  1308  011E                     u5_20:	
  1309  011E                     i1l841:	
  1310  011E  1283               	bcf	3,5	;RP0=0, select bank0
  1311  011F  1303               	bcf	3,6	;RP1=0, select bank0
  1312  0120  1806               	btfsc	6,0	;volatile
  1313  0121  2923               	goto	u6_21
  1314  0122  2924               	goto	u6_20
  1315  0123                     u6_21:	
  1316  0123  2928               	goto	i1l847
  1317  0124                     u6_20:	
  1318  0124                     i1l843:	
  1319  0124  0807               	movf	7,w	;volatile
  1320  0125  3E01               	addlw	1
  1321  0126  0087               	movwf	7	;volatile
  1322  0127                     i1l845:	
  1323  0127  100B               	bcf	11,0	;volatile
  1324  0128                     i1l847:	
  1325  0128  1C0B               	btfss	11,0	;volatile
  1326  0129  292B               	goto	u7_21
  1327  012A  292C               	goto	u7_20
  1328  012B                     u7_21:	
  1329  012B  2936               	goto	i1l855
  1330  012C                     u7_20:	
  1331  012C                     i1l849:	
  1332  012C  1283               	bcf	3,5	;RP0=0, select bank0
  1333  012D  1303               	bcf	3,6	;RP1=0, select bank0
  1334  012E  1886               	btfsc	6,1	;volatile
  1335  012F  2931               	goto	u8_21
  1336  0130  2932               	goto	u8_20
  1337  0131                     u8_21:	
  1338  0131  2936               	goto	i1l855
  1339  0132                     u8_20:	
  1340  0132                     i1l851:	
  1341  0132  0807               	movf	7,w	;volatile
  1342  0133  3EFF               	addlw	255
  1343  0134  0087               	movwf	7	;volatile
  1344  0135                     i1l853:	
  1345  0135  100B               	bcf	11,0	;volatile
  1346  0136                     i1l855:	
  1347  0136  1283               	bcf	3,5	;RP0=0, select bank0
  1348  0137  1303               	bcf	3,6	;RP1=0, select bank0
  1349  0138  1F0C               	btfss	12,6	;volatile
  1350  0139  293B               	goto	u9_21
  1351  013A  293C               	goto	u9_20
  1352  013B                     u9_21:	
  1353  013B  2958               	goto	i1l91
  1354  013C                     u9_20:	
  1355  013C                     i1l857:	
  1356  013C  081E               	movf	30,w	;volatile
  1357  013D  00F0               	movwf	??_ISR
  1358  013E  0870               	movf	??_ISR,w
  1359  013F  00F7               	movwf	_arc
  1360  0140  0877               	movf	_arc,w
  1361  0141  00F0               	movwf	??_ISR
  1362  0142  0870               	movf	??_ISR,w
  1363  0143  00F8               	movwf	_y
  1364  0144                     i1l859:	
  1365  0144  0877               	movf	_arc,w
  1366  0145  390F               	andlw	15
  1367  0146  00F0               	movwf	??_ISR
  1368  0147  0870               	movf	??_ISR,w
  1369  0148  00F9               	movwf	_x
  1370  0149                     i1l861:	
  1371  0149  0877               	movf	_arc,w
  1372  014A  00F0               	movwf	??_ISR
  1373  014B  3004               	movlw	4
  1374  014C                     u10_25:	
  1375  014C  1003               	clrc
  1376  014D  0CF0               	rrf	??_ISR,f
  1377  014E  3EFF               	addlw	-1
  1378  014F  1D03               	skipz
  1379  0150  294C               	goto	u10_25
  1380  0151  0870               	movf	??_ISR,w
  1381  0152  390F               	andlw	15
  1382  0153  00F1               	movwf	??_ISR+1
  1383  0154  0871               	movf	??_ISR+1,w
  1384  0155  00F8               	movwf	_y
  1385  0156                     i1l863:	
  1386  0156  1588               	bsf	8,3	;volatile
  1387  0157                     i1l865:	
  1388  0157  130C               	bcf	12,6	;volatile
  1389  0158                     i1l91:	
  1390  0158  0873               	movf	??_ISR+3,w
  1391  0159  008A               	movwf	10
  1392  015A  0E72               	swapf	(??_ISR+2)^(0+4294967168),w
  1393  015B  0083               	movwf	3
  1394  015C  0EFE               	swapf	btemp,f
  1395  015D  0E7E               	swapf	btemp,w
  1396  015E  0009               	retfie
  1397  015F                     __end_of_ISR:	
  1398  007E                     btemp	set	126	;btemp
  1399  007E                     wtemp0	set	126
  1400                           
  1401                           	psect	intentry
  1402  0004                     __pintentry:	
  1403                           ;incstack = 0
  1404                           ; Regs used in _ISR: [wreg+status,2+status,0]
  1405                           
  1406  0004                     interrupt_function:	
  1407  007E                     saved_w	set	btemp
  1408  0004  00FE               	movwf	btemp
  1409  0005  0E03               	swapf	3,w
  1410  0006  00F2               	movwf	??_ISR+2
  1411  0007  080A               	movf	10,w
  1412  0008  00F3               	movwf	??_ISR+3
  1413  0009  120A  118A  291A   	ljmp	_ISR


Data Sizes:
    Strings     0
    Constant    0
    Data        16
    BSS         4
    Persistent  0
    Stack       0

Auto Spaces:
    Space          Size  Autos    Used
    COMMON           14      6      10
    BANK0            80      3      19
    BANK1            80      0       0
    BANK3            96      0       0
    BANK2            96      0       0

Pointer List with Targets:

    None.

Critical Paths under _main in COMMON

    _main->_convertor
    _setup->_initosc

Critical Paths under _ISR in COMMON

    None.

Critical Paths under _main in BANK0

    _main->_convertor
    _setup->_initosc

Critical Paths under _ISR in BANK0

    None.

Critical Paths under _main in BANK1

    None.

Critical Paths under _ISR in BANK1

    None.

Critical Paths under _main in BANK3

    None.

Critical Paths under _ISR in BANK3

    None.

Critical Paths under _main in BANK2

    None.

Critical Paths under _ISR in BANK2

    None.

Call Graph Tables:

 ---------------------------------------------------------------------------------
 (Depth) Function   	        Calls       Base Space   Used Autos Params    Refs
 ---------------------------------------------------------------------------------
 (0) _main                                                 2     2      0     143
                                              1 BANK0      2     2      0
                          _convertor
                              _setup
 ---------------------------------------------------------------------------------
 (1) _setup                                                0     0      0      22
                            _initosc
 ---------------------------------------------------------------------------------
 (2) _initosc                                              3     3      0      22
                                              4 COMMON     2     2      0
                                              0 BANK0      1     1      0
 ---------------------------------------------------------------------------------
 (1) _convertor                                            3     1      2     121
                                              4 COMMON     2     0      2
                                              0 BANK0      1     1      0
 ---------------------------------------------------------------------------------
 Estimated maximum stack depth 2
 ---------------------------------------------------------------------------------
 (Depth) Function   	        Calls       Base Space   Used Autos Params    Refs
 ---------------------------------------------------------------------------------
 (3) _ISR                                                  4     4      0       0
                                              0 COMMON     4     4      0
 ---------------------------------------------------------------------------------
 Estimated maximum stack depth 3
 ---------------------------------------------------------------------------------

 Call Graph Graphs:

 _main (ROOT)
   _convertor
   _setup
     _initosc

 _ISR (ROOT)

 Address spaces:
Name               Size   Autos  Total    Cost      Usage
BANK3               60      0       0       9        0.0%
BITBANK3            60      0       0       8        0.0%
SFR3                 0      0       0       4        0.0%
BITSFR3              0      0       0       4        0.0%
BANK2               60      0       0      11        0.0%
BITBANK2            60      0       0      10        0.0%
SFR2                 0      0       0       5        0.0%
BITSFR2              0      0       0       5        0.0%
BANK1               50      0       0       7        0.0%
BITBANK1            50      0       0       6        0.0%
SFR1                 0      0       0       2        0.0%
BITSFR1              0      0       0       2        0.0%
BANK0               50      3      13       5       23.8%
BITBANK0            50      0       0       4        0.0%
SFR0                 0      0       0       1        0.0%
BITSFR0              0      0       0       1        0.0%
COMMON               E      6       A       1       71.4%
BITCOMMON            E      0       0       0        0.0%
CODE                 0      0       0       0        0.0%
DATA                 0      0      1D      12        0.0%
ABS                  0      0      1D       3        0.0%
NULL                 0      0       0       0        0.0%
STACK                0      0       0       2        0.0%
EEDATA             100      0       0       0        0.0%


Microchip Technology PIC Macro Assembler V2.10 build 88905656 
Symbol Table                                                                                   Mon Feb 08 23:58:15 2021

                      _x 0079                        _y 0078                        pc 0002  
            __CFG_CP$OFF 0000                       l72 00A2                       l83 0119  
                     l77 00CA                       fsr 0004                      l110 0053  
                    l102 0029                      l111 0059                      l103 0081  
                    l112 0082                      l104 002F                      l105 0035  
                    l106 003B                      l107 0041                      l108 0047  
                    l109 004D                      l127 0178                      l955 0028  
                    l971 00D8                      l981 00DD                      l973 00D9  
                    l959 005F                      l991 00E2                      l983 00DE  
                    l975 00DA                      l967 00CF                      l993 00E5  
                    l985 00DF                      l977 00DB                      l969 00D5  
                    l995 00E8                      l987 00E0                      l979 00DC  
                    l997 00E9                      l989 00E1                      l999 00EA  
                    u200 00C9                      u201 00C8                      u217 009A  
                    u170 00A6                      u171 00A5                      u180 00AB  
                    u181 00AA                      u190 00BA                      u191 00B9  
           __CFG_CPD$OFF 0000                      _ISR 011A                      _arc 0077  
                    _tog 0076                      fsr0 0004                      indf 0000  
           __CFG_FOSC$XT 0000             __CFG_LVP$OFF 0000                     ?_ISR 0070  
                   l1001 00EB                     l1011 00F1                     l1003 00EC  
                   l1021 0100                     l1013 00F5                     l1005 00ED  
                   l1031 0110                     l1023 0104                     l1015 00F8  
                   l1007 00EE                     l1041 0169                     l1033 0113  
                   l1025 0107                     l1017 00FA                     l1009 00EF  
                   l1043 016C                     l1107 0067                     l1035 0116  
                   l1027 010A                     l1019 00FD                     l1051 0091  
                   l1045 0177                     l1037 015F                     l1029 010D  
                   l1061 00AD                     l1053 0094                     l1039 0167  
                   l1071 00C2                     l1063 00B3                     l1055 009F  
                   l1047 0083                     l1073 00C3                     l1065 00B5  
                   l1057 00A6                     l1049 0088                     l1075 00C9  
                   l1067 00BA                     l1059 00AB                     l1069 00BC  
                   i1l91 0158                     _TMR0 0001                     u5_20 011E  
                   u5_21 011D                     u6_20 0124                     u6_21 0123  
                   u7_20 012C                     u7_21 012B                     u8_20 0132  
                   u8_21 0131                     u9_20 013C                     u9_21 013B  
           __CFG_WRT$OFF 0000                     _main 0083                     _seg7 0020  
                   btemp 007E                     start 000C            __CFG_IESO$OFF 0000  
                  ??_ISR 0070                    ?_main 0070            __CFG_WDTE$OFF 0000  
                  _ANSEL 0188                    i1l841 011E                    i1l851 0132  
                  i1l843 0124                    i1l861 0149                    i1l853 0135  
                  i1l845 0127                    i1l863 0156                    i1l855 0136  
                  i1l847 0128                    i1l839 011A                    i1l865 0157  
                  i1l857 013C                    i1l849 012C                    i1l859 0144  
                  u10_25 014C                    _PORTA 0005                    _PORTB 0006  
                  _PORTC 0007                    _PORTD 0008                    _PORTE 0009  
                  _TRISA 0085                    _TRISB 0086                    _TRISC 0087  
                  _TRISD 0088                    _TRISE 0089           __CFG_FCMEN$OFF 0000  
        __end_of_initosc 0083                    _setup 00CF           __CFG_BOREN$OFF 0000  
                  pclath 000A                    status 0003                    wtemp0 007E  
         __CFG_MCLRE$OFF 0000          __initialization 000F             __end_of_main 00CF  
                 ??_main 0031                   _ADCON0 001F                   _ADCON1 009F  
                 _ADRESH 001E                   ?_setup 0070                   _ANSELH 0189  
         __CFG_PWRTE$OFF 0000                ??_initosc 0074                   saved_w 007E  
            initosc@IRCF 0030  __end_of__initialization 0021           __pcstackCOMMON 0070  
           __pidataBANK0 018C            __end_of_setup 011A           _OPTION_REGbits 0081  
                ??_setup 0076       __size_of_convertor 001A               __pmaintext 0083  
             __pintentry 0004        __end_of_convertor 0179                  __ptext1 00CF  
                __ptext2 0025                  __ptext3 015F                  __ptext4 011A  
           __size_of_ISR 0045                  _initosc 0025     end_of_initialization 0021  
              _PORTAbits 0005                _PORTBbits 0006                _PORTDbits 0008  
    start_initialization 000F              __end_of_ISR 015F         convertor@channel 0074  
             init_fetch0 0179              __pdataBANK0 0020              __pbssCOMMON 0076  
              ___latbits 0002            __pcstackBANK0 0030                _convertor 015F  
               ?_initosc 0070           __size_of_setup 004B        interrupt_function 0004  
               _IOCBbits 0096                 _PIE1bits 008C                 _PIR1bits 000C  
             _ADCON0bits 001F               ?_convertor 0074         __size_of_initosc 005E  
      __CFG_BOR4V$BOR40V 0000            __size_of_main 004C              ??_convertor 0030  
             _INTCONbits 000B                 init_ram0 017D                 intlevel1 0000  
             _OSCCONbits 008F  
